{"numFailedTestSuites":5,"numFailedTests":37,"numPassedTestSuites":3,"numPassedTests":39,"numPendingTestSuites":0,"numPendingTests":0,"numRuntimeErrorTestSuites":4,"numTodoTests":0,"numTotalTestSuites":8,"numTotalTests":76,"openHandles":[],"snapshot":{"added":0,"didUpdate":false,"failure":false,"filesAdded":0,"filesRemoved":0,"filesRemovedList":[],"filesUnmatched":0,"filesUpdated":0,"matched":0,"total":0,"unchecked":0,"uncheckedKeysByFile":[],"unmatched":0,"updated":0},"startTime":1763483454916,"success":false,"testResults":[{"assertionResults":[{"ancestorTitles":["Admission Model Test","Admission Creation"],"duration":346,"failing":false,"failureDetails":[],"failureMessages":[],"fullName":"Admission Model Test Admission Creation should create a valid admission successfully","invocations":1,"location":null,"numPassingAsserts":7,"retryReasons":[],"startAt":1763483463529,"status":"passed","title":"should create a valid admission successfully"},{"ancestorTitles":["Admission Model Test","Admission Creation"],"duration":41,"failing":false,"failureDetails":[],"failureMessages":[],"fullName":"Admission Model Test Admission Creation should fail to create admission without required fields","invocations":1,"location":null,"numPassingAsserts":5,"retryReasons":[],"startAt":1763483463886,"status":"passed","title":"should fail to create admission without required fields"},{"ancestorTitles":["Admission Model Test","Admission Creation"],"duration":51,"failing":false,"failureDetails":[],"failureMessages":[],"fullName":"Admission Model Test Admission Creation should fail to create admission with duplicate applicationId","invocations":1,"location":null,"numPassingAsserts":2,"retryReasons":[],"startAt":1763483463935,"status":"passed","title":"should fail to create admission with duplicate applicationId"},{"ancestorTitles":["Admission Model Test","Admission Creation"],"duration":19,"failing":false,"failureDetails":[],"failureMessages":[],"fullName":"Admission Model Test Admission Creation should set default values correctly","invocations":1,"location":null,"numPassingAsserts":6,"retryReasons":[],"startAt":1763483463986,"status":"passed","title":"should set default values correctly"},{"ancestorTitles":["Admission Model Test","Admission Creation"],"duration":28,"failing":false,"failureDetails":[],"failureMessages":[],"fullName":"Admission Model Test Admission Creation should validate gender enum values","invocations":1,"location":null,"numPassingAsserts":2,"retryReasons":[],"startAt":1763483464006,"status":"passed","title":"should validate gender enum values"},{"ancestorTitles":["Admission Model Test","Admission Creation"],"duration":14,"failing":false,"failureDetails":[],"failureMessages":[],"fullName":"Admission Model Test Admission Creation should validate status enum values","invocations":1,"location":null,"numPassingAsserts":2,"retryReasons":[],"startAt":1763483464034,"status":"passed","title":"should validate status enum values"},{"ancestorTitles":["Admission Model Test","Admission Creation"],"duration":16,"failing":false,"failureDetails":[],"failureMessages":[],"fullName":"Admission Model Test Admission Creation should validate paymentStatus enum values","invocations":1,"location":null,"numPassingAsserts":2,"retryReasons":[],"startAt":1763483464048,"status":"passed","title":"should validate paymentStatus enum values"},{"ancestorTitles":["Admission Model Test","Admission with Education Details"],"duration":25,"failing":false,"failureDetails":[],"failureMessages":[],"fullName":"Admission Model Test Admission with Education Details should save SSC and HSC information","invocations":1,"location":null,"numPassingAsserts":4,"retryReasons":[],"startAt":1763483464065,"status":"passed","title":"should save SSC and HSC information"},{"ancestorTitles":["Admission Model Test","Admission Status Management"],"duration":33,"failing":false,"failureDetails":[],"failureMessages":[],"fullName":"Admission Model Test Admission Status Management should update admission status","invocations":1,"location":null,"numPassingAsserts":3,"retryReasons":[],"startAt":1763483464092,"status":"passed","title":"should update admission status"},{"ancestorTitles":["Admission Model Test","Admission Status Management"],"duration":26,"failing":false,"failureDetails":[],"failureMessages":[],"fullName":"Admission Model Test Admission Status Management should add admin remarks","invocations":1,"location":null,"numPassingAsserts":1,"retryReasons":[],"startAt":1763483464125,"status":"passed","title":"should add admin remarks"},{"ancestorTitles":["Admission Model Test","Admission Timestamps"],"duration":16,"failing":false,"failureDetails":[],"failureMessages":[],"fullName":"Admission Model Test Admission Timestamps should automatically set timestamps","invocations":1,"location":null,"numPassingAsserts":2,"retryReasons":[],"startAt":1763483464152,"status":"passed","title":"should automatically set timestamps"}],"endTime":1763483465052,"message":"","name":"D:\\EduConnect\\backend\\__tests__\\models\\admission.test.js","startTime":1763483455948,"status":"passed","summary":""},{"assertionResults":[{"ancestorTitles":["User Model Test","User Creation"],"duration":417,"failing":false,"failureDetails":[],"failureMessages":[],"fullName":"User Model Test User Creation should create a valid user successfully","invocations":1,"location":null,"numPassingAsserts":6,"retryReasons":[],"startAt":1763483463525,"status":"passed","title":"should create a valid user successfully"},{"ancestorTitles":["User Model Test","User Creation"],"duration":33,"failing":false,"failureDetails":[],"failureMessages":[],"fullName":"User Model Test User Creation should fail to create user without required fields","invocations":1,"location":null,"numPassingAsserts":3,"retryReasons":[],"startAt":1763483463943,"status":"passed","title":"should fail to create user without required fields"},{"ancestorTitles":["User Model Test","User Creation"],"duration":99,"failing":false,"failureDetails":[],"failureMessages":[],"fullName":"User Model Test User Creation should fail to create user with duplicate email","invocations":1,"location":null,"numPassingAsserts":2,"retryReasons":[],"startAt":1763483463980,"status":"passed","title":"should fail to create user with duplicate email"},{"ancestorTitles":["User Model Test","User Creation"],"duration":27,"failing":false,"failureDetails":[],"failureMessages":[],"fullName":"User Model Test User Creation should validate email format","invocations":1,"location":null,"numPassingAsserts":2,"retryReasons":[],"startAt":1763483464079,"status":"passed","title":"should validate email format"},{"ancestorTitles":["User Model Test","User Creation"],"duration":24,"failing":false,"failureDetails":[],"failureMessages":[],"fullName":"User Model Test User Creation should validate phone number format","invocations":1,"location":null,"numPassingAsserts":2,"retryReasons":[],"startAt":1763483464106,"status":"passed","title":"should validate phone number format"},{"ancestorTitles":["User Model Test","User Creation"],"duration":41,"failing":false,"failureDetails":[],"failureMessages":[],"fullName":"User Model Test User Creation should accept valid Bangladeshi phone formats","invocations":1,"location":null,"numPassingAsserts":3,"retryReasons":[],"startAt":1763483464135,"status":"passed","title":"should accept valid Bangladeshi phone formats"},{"ancestorTitles":["User Model Test","User with Google Auth"],"duration":22,"failing":false,"failureDetails":[],"failureMessages":[],"fullName":"User Model Test User with Google Auth should create user with Google authentication","invocations":1,"location":null,"numPassingAsserts":3,"retryReasons":[],"startAt":1763483464176,"status":"passed","title":"should create user with Google authentication"},{"ancestorTitles":["User Model Test","User with Google Auth"],"duration":12,"failing":false,"failureDetails":[],"failureMessages":[],"fullName":"User Model Test User with Google Auth should not require password for Google auth users","invocations":1,"location":null,"numPassingAsserts":1,"retryReasons":[],"startAt":1763483464199,"status":"passed","title":"should not require password for Google auth users"},{"ancestorTitles":["User Model Test","User Roles"],"duration":27,"failing":false,"failureDetails":[],"failureMessages":[],"fullName":"User Model Test User Roles should set default role as student","invocations":1,"location":null,"numPassingAsserts":1,"retryReasons":[],"startAt":1763483464211,"status":"passed","title":"should set default role as student"},{"ancestorTitles":["User Model Test","User Roles"],"duration":72,"failing":false,"failureDetails":[],"failureMessages":[],"fullName":"User Model Test User Roles should accept valid roles","invocations":1,"location":null,"numPassingAsserts":4,"retryReasons":[],"startAt":1763483464239,"status":"passed","title":"should accept valid roles"},{"ancestorTitles":["User Model Test","User Password Handling"],"duration":143,"failing":false,"failureDetails":[{"matcherResult":{"actual":"Password123!","expected":"Password123!","message":"\u001b[2mexpect(\u001b[22m\u001b[31mreceived\u001b[39m\u001b[2m).\u001b[22mnot\u001b[2m.\u001b[22mtoBe\u001b[2m(\u001b[22m\u001b[32mexpected\u001b[39m\u001b[2m) // Object.is equality\u001b[22m\n\nExpected: not \u001b[32m\"Password123!\"\u001b[39m","name":"toBe","pass":true}}],"failureMessages":["Error: \u001b[2mexpect(\u001b[22m\u001b[31mreceived\u001b[39m\u001b[2m).\u001b[22mnot\u001b[2m.\u001b[22mtoBe\u001b[2m(\u001b[22m\u001b[32mexpected\u001b[39m\u001b[2m) // Object.is equality\u001b[22m\n\nExpected: not \u001b[32m\"Password123!\"\u001b[39m\n    at Object.toBe (D:\\EduConnect\\backend\\__tests__\\models\\user.test.js:201:45)\n    at processTicksAndRejections (node:internal/process/task_queues:95:5)"],"fullName":"User Model Test User Password Handling should hash password before saving","invocations":1,"location":null,"numPassingAsserts":1,"retryReasons":[],"startAt":1763483464312,"status":"failed","title":"should hash password before saving"},{"ancestorTitles":["User Model Test","User Password Handling"],"duration":304,"failing":false,"failureDetails":[],"failureMessages":[],"fullName":"User Model Test User Password Handling should not include password in default queries","invocations":1,"location":null,"numPassingAsserts":1,"retryReasons":[],"startAt":1763483464532,"status":"passed","title":"should not include password in default queries"},{"ancestorTitles":["User Model Test","User Profile Fields"],"duration":42,"failing":false,"failureDetails":[],"failureMessages":[],"fullName":"User Model Test User Profile Fields should save additional profile information","invocations":1,"location":null,"numPassingAsserts":3,"retryReasons":[],"startAt":1763483464836,"status":"passed","title":"should save additional profile information"},{"ancestorTitles":["User Model Test","User Profile Fields"],"duration":62,"failing":false,"failureDetails":[],"failureMessages":[],"fullName":"User Model Test User Profile Fields should set default avatar","invocations":1,"location":null,"numPassingAsserts":1,"retryReasons":[],"startAt":1763483464878,"status":"passed","title":"should set default avatar"}],"endTime":1763483465784,"message":"\u001b[1m\u001b[31m  \u001b[1m● \u001b[22m\u001b[1mUser Model Test › User Password Handling › should hash password before saving\u001b[39m\u001b[22m\n\n    \u001b[2mexpect(\u001b[22m\u001b[31mreceived\u001b[39m\u001b[2m).\u001b[22mnot\u001b[2m.\u001b[22mtoBe\u001b[2m(\u001b[22m\u001b[32mexpected\u001b[39m\u001b[2m) // Object.is equality\u001b[22m\n\n    Expected: not \u001b[32m\"Password123!\"\u001b[39m\n\u001b[2m\u001b[22m\n\u001b[2m    \u001b[0m \u001b[90m 199 |\u001b[39m       \u001b[36mconst\u001b[39m userWithPassword \u001b[33m=\u001b[39m \u001b[36mawait\u001b[39m \u001b[33mUser\u001b[39m\u001b[33m.\u001b[39mfindById(savedUser\u001b[33m.\u001b[39m_id)\u001b[33m.\u001b[39mselect(\u001b[32m'+password'\u001b[39m)\u001b[33m;\u001b[39m\u001b[22m\n\u001b[2m     \u001b[90m 200 |\u001b[39m       expect(userWithPassword\u001b[33m.\u001b[39mpassword)\u001b[33m.\u001b[39mtoBeDefined()\u001b[33m;\u001b[39m\u001b[22m\n\u001b[2m    \u001b[31m\u001b[1m>\u001b[22m\u001b[2m\u001b[39m\u001b[90m 201 |\u001b[39m       expect(userWithPassword\u001b[33m.\u001b[39mpassword)\u001b[33m.\u001b[39mnot\u001b[33m.\u001b[39mtoBe(userData\u001b[33m.\u001b[39mpassword)\u001b[33m;\u001b[39m \u001b[90m// Should be hashed\u001b[39m\u001b[22m\n\u001b[2m     \u001b[90m     |\u001b[39m                                             \u001b[31m\u001b[1m^\u001b[22m\u001b[2m\u001b[39m\u001b[22m\n\u001b[2m     \u001b[90m 202 |\u001b[39m     })\u001b[33m;\u001b[39m\u001b[22m\n\u001b[2m     \u001b[90m 203 |\u001b[39m\u001b[22m\n\u001b[2m     \u001b[90m 204 |\u001b[39m     it(\u001b[32m'should not include password in default queries'\u001b[39m\u001b[33m,\u001b[39m \u001b[36masync\u001b[39m () \u001b[33m=>\u001b[39m {\u001b[0m\u001b[22m\n\u001b[2m\u001b[22m\n\u001b[2m      \u001b[2mat Object.toBe (\u001b[22m\u001b[2m\u001b[0m\u001b[36m__tests__/models/user.test.js\u001b[39m\u001b[0m\u001b[2m:201:45)\u001b[22m\u001b[2m\u001b[22m\n","name":"D:\\EduConnect\\backend\\__tests__\\models\\user.test.js","startTime":1763483455945,"status":"failed","summary":""},{"assertionResults":[{"ancestorTitles":["Admin Model Test","Admin Creation"],"duration":106,"failing":false,"failureDetails":[],"failureMessages":[],"fullName":"Admin Model Test Admin Creation should create a valid admin successfully","invocations":1,"location":null,"numPassingAsserts":5,"retryReasons":[],"startAt":1763483471455,"status":"passed","title":"should create a valid admin successfully"},{"ancestorTitles":["Admin Model Test","Admin Creation"],"duration":15,"failing":false,"failureDetails":[],"failureMessages":[],"fullName":"Admin Model Test Admin Creation should fail to create admin without required fields","invocations":1,"location":null,"numPassingAsserts":4,"retryReasons":[],"startAt":1763483471562,"status":"passed","title":"should fail to create admin without required fields"},{"ancestorTitles":["Admin Model Test","Admin Creation"],"duration":18,"failing":false,"failureDetails":[],"failureMessages":[],"fullName":"Admin Model Test Admin Creation should fail to create admin with duplicate username","invocations":1,"location":null,"numPassingAsserts":2,"retryReasons":[],"startAt":1763483471578,"status":"passed","title":"should fail to create admin with duplicate username"},{"ancestorTitles":["Admin Model Test","Admin Creation"],"duration":16,"failing":false,"failureDetails":[],"failureMessages":[],"fullName":"Admin Model Test Admin Creation should fail to create admin with duplicate email","invocations":1,"location":null,"numPassingAsserts":2,"retryReasons":[],"startAt":1763483471596,"status":"passed","title":"should fail to create admin with duplicate email"},{"ancestorTitles":["Admin Model Test","Admin Creation"],"duration":12,"failing":false,"failureDetails":[],"failureMessages":[],"fullName":"Admin Model Test Admin Creation should set default role as admin","invocations":1,"location":null,"numPassingAsserts":1,"retryReasons":[],"startAt":1763483471612,"status":"passed","title":"should set default role as admin"},{"ancestorTitles":["Admin Model Test","Admin Creation"],"duration":7,"failing":false,"failureDetails":[],"failureMessages":[],"fullName":"Admin Model Test Admin Creation should trim username and email","invocations":1,"location":null,"numPassingAsserts":2,"retryReasons":[],"startAt":1763483471624,"status":"passed","title":"should trim username and email"},{"ancestorTitles":["Admin Model Test","Admin Methods"],"duration":6,"failing":false,"failureDetails":[],"failureMessages":[],"fullName":"Admin Model Test Admin Methods should compare passwords correctly","invocations":1,"location":null,"numPassingAsserts":2,"retryReasons":[],"startAt":1763483471631,"status":"passed","title":"should compare passwords correctly"},{"ancestorTitles":["Admin Model Test","Admin Timestamps"],"duration":11,"failing":false,"failureDetails":[],"failureMessages":[],"fullName":"Admin Model Test Admin Timestamps should automatically set createdAt timestamp","invocations":1,"location":null,"numPassingAsserts":2,"retryReasons":[],"startAt":1763483471637,"status":"passed","title":"should automatically set createdAt timestamp"}],"endTime":1763483471733,"message":"","name":"D:\\EduConnect\\backend\\__tests__\\models\\admin.test.js","startTime":1763483467742,"status":"passed","summary":""},{"assertionResults":[{"ancestorTitles":["Result Model Test","Result Creation"],"duration":109,"failing":false,"failureDetails":[],"failureMessages":[],"fullName":"Result Model Test Result Creation should create a valid result successfully","invocations":1,"location":null,"numPassingAsserts":6,"retryReasons":[],"startAt":1763483474101,"status":"passed","title":"should create a valid result successfully"},{"ancestorTitles":["Result Model Test","Result Creation"],"duration":9,"failing":false,"failureDetails":[],"failureMessages":[],"fullName":"Result Model Test Result Creation should fail to create result without required fields","invocations":1,"location":null,"numPassingAsserts":6,"retryReasons":[],"startAt":1763483474211,"status":"passed","title":"should fail to create result without required fields"},{"ancestorTitles":["Result Model Test","Result Creation"],"duration":17,"failing":false,"failureDetails":[],"failureMessages":[],"fullName":"Result Model Test Result Creation should validate score is between 0 and 100","invocations":1,"location":null,"numPassingAsserts":5,"retryReasons":[],"startAt":1763483474220,"status":"passed","title":"should validate score is between 0 and 100"},{"ancestorTitles":["Result Model Test","Result Creation"],"duration":7,"failing":false,"failureDetails":[],"failureMessages":[],"fullName":"Result Model Test Result Creation should accept valid ObjectId for studentId","invocations":1,"location":null,"numPassingAsserts":1,"retryReasons":[],"startAt":1763483474237,"status":"passed","title":"should accept valid ObjectId for studentId"},{"ancestorTitles":["Result Model Test","Result Timestamps"],"duration":10,"failing":false,"failureDetails":[],"failureMessages":[],"fullName":"Result Model Test Result Timestamps should automatically set createdAt timestamp","invocations":1,"location":null,"numPassingAsserts":2,"retryReasons":[],"startAt":1763483474244,"status":"passed","title":"should automatically set createdAt timestamp"},{"ancestorTitles":["Result Model Test","Result Queries"],"duration":52,"failing":false,"failureDetails":[],"failureMessages":[],"fullName":"Result Model Test Result Queries should find results by studentId","invocations":1,"location":null,"numPassingAsserts":2,"retryReasons":[],"startAt":1763483474254,"status":"passed","title":"should find results by studentId"},{"ancestorTitles":["Result Model Test","Result Queries"],"duration":13,"failing":false,"failureDetails":[],"failureMessages":[],"fullName":"Result Model Test Result Queries should find results by year and semester","invocations":1,"location":null,"numPassingAsserts":2,"retryReasons":[],"startAt":1763483474307,"status":"passed","title":"should find results by year and semester"}],"endTime":1763483474376,"message":"","name":"D:\\EduConnect\\backend\\__tests__\\models\\result.test.js","startTime":1763483471860,"status":"passed","summary":""},{"assertionResults":[{"ancestorTitles":["Admission API Tests","POST /api/admissions"],"duration":10015,"failing":false,"failureDetails":[{},{}],"failureMessages":["MongooseError: Can't call `openUri()` on an active connection with different connection strings. Make sure you aren't calling `mongoose.connect()` multiple times. See: https://mongoosejs.com/docs/connections.html#multiple_connections\n    at NativeConnection.createClient (D:\\EduConnect\\backend\\node_modules\\mongoose\\lib\\drivers\\node-mongodb-native\\connection.js:251:13)\n    at NativeConnection.openUri (D:\\EduConnect\\backend\\node_modules\\mongoose\\lib\\connection.js:1075:34)\n    at Mongoose.connect (D:\\EduConnect\\backend\\node_modules\\mongoose\\lib\\mongoose.js:450:15)\n    at Object.connect (D:\\EduConnect\\backend\\__tests__\\helpers\\db-handler.js:11:18)\n    at processTicksAndRejections (node:internal/process/task_queues:95:5)\n    at Object.<anonymous> (D:\\EduConnect\\backend\\__tests__\\api\\admission.test.js:9:23)","MongooseError: Operation `users.deleteMany()` buffering timed out after 10000ms\n    at Timeout.<anonymous> (D:\\EduConnect\\backend\\node_modules\\mongoose\\lib\\drivers\\node-mongodb-native\\collection.js:187:23)\n    at listOnTimeout (node:internal/timers:573:17)\n    at processTimers (node:internal/timers:514:7)"],"fullName":"Admission API Tests POST /api/admissions should create admission application with valid data","invocations":1,"location":null,"numPassingAsserts":0,"retryReasons":[],"startAt":1763483470630,"status":"failed","title":"should create admission application with valid data"},{"ancestorTitles":["Admission API Tests","POST /api/admissions"],"duration":10014,"failing":false,"failureDetails":[{},{}],"failureMessages":["MongooseError: Can't call `openUri()` on an active connection with different connection strings. Make sure you aren't calling `mongoose.connect()` multiple times. See: https://mongoosejs.com/docs/connections.html#multiple_connections\n    at NativeConnection.createClient (D:\\EduConnect\\backend\\node_modules\\mongoose\\lib\\drivers\\node-mongodb-native\\connection.js:251:13)\n    at NativeConnection.openUri (D:\\EduConnect\\backend\\node_modules\\mongoose\\lib\\connection.js:1075:34)\n    at Mongoose.connect (D:\\EduConnect\\backend\\node_modules\\mongoose\\lib\\mongoose.js:450:15)\n    at Object.connect (D:\\EduConnect\\backend\\__tests__\\helpers\\db-handler.js:11:18)\n    at processTicksAndRejections (node:internal/process/task_queues:95:5)\n    at Object.<anonymous> (D:\\EduConnect\\backend\\__tests__\\api\\admission.test.js:9:23)","MongooseError: Operation `users.deleteMany()` buffering timed out after 10000ms\n    at Timeout.<anonymous> (D:\\EduConnect\\backend\\node_modules\\mongoose\\lib\\drivers\\node-mongodb-native\\collection.js:187:23)\n    at listOnTimeout (node:internal/timers:573:17)\n    at processTimers (node:internal/timers:514:7)"],"fullName":"Admission API Tests POST /api/admissions should fail without authentication","invocations":1,"location":null,"numPassingAsserts":0,"retryReasons":[],"startAt":1763483480658,"status":"failed","title":"should fail without authentication"},{"ancestorTitles":["Admission API Tests","GET /api/admissions"],"duration":10002,"failing":false,"failureDetails":[{},{}],"failureMessages":["MongooseError: Can't call `openUri()` on an active connection with different connection strings. Make sure you aren't calling `mongoose.connect()` multiple times. See: https://mongoosejs.com/docs/connections.html#multiple_connections\n    at NativeConnection.createClient (D:\\EduConnect\\backend\\node_modules\\mongoose\\lib\\drivers\\node-mongodb-native\\connection.js:251:13)\n    at NativeConnection.openUri (D:\\EduConnect\\backend\\node_modules\\mongoose\\lib\\connection.js:1075:34)\n    at Mongoose.connect (D:\\EduConnect\\backend\\node_modules\\mongoose\\lib\\mongoose.js:450:15)\n    at Object.connect (D:\\EduConnect\\backend\\__tests__\\helpers\\db-handler.js:11:18)\n    at processTicksAndRejections (node:internal/process/task_queues:95:5)\n    at Object.<anonymous> (D:\\EduConnect\\backend\\__tests__\\api\\admission.test.js:9:23)","MongooseError: Operation `users.deleteMany()` buffering timed out after 10000ms\n    at Timeout.<anonymous> (D:\\EduConnect\\backend\\node_modules\\mongoose\\lib\\drivers\\node-mongodb-native\\collection.js:187:23)\n    at listOnTimeout (node:internal/timers:573:17)\n    at processTimers (node:internal/timers:514:7)"],"fullName":"Admission API Tests GET /api/admissions should get all admissions for admin","invocations":1,"location":null,"numPassingAsserts":0,"retryReasons":[],"startAt":1763483490673,"status":"failed","title":"should get all admissions for admin"},{"ancestorTitles":["Admission API Tests","GET /api/admissions"],"duration":10008,"failing":false,"failureDetails":[{},{}],"failureMessages":["MongooseError: Can't call `openUri()` on an active connection with different connection strings. Make sure you aren't calling `mongoose.connect()` multiple times. See: https://mongoosejs.com/docs/connections.html#multiple_connections\n    at NativeConnection.createClient (D:\\EduConnect\\backend\\node_modules\\mongoose\\lib\\drivers\\node-mongodb-native\\connection.js:251:13)\n    at NativeConnection.openUri (D:\\EduConnect\\backend\\node_modules\\mongoose\\lib\\connection.js:1075:34)\n    at Mongoose.connect (D:\\EduConnect\\backend\\node_modules\\mongoose\\lib\\mongoose.js:450:15)\n    at Object.connect (D:\\EduConnect\\backend\\__tests__\\helpers\\db-handler.js:11:18)\n    at processTicksAndRejections (node:internal/process/task_queues:95:5)\n    at Object.<anonymous> (D:\\EduConnect\\backend\\__tests__\\api\\admission.test.js:9:23)","MongooseError: Operation `users.deleteMany()` buffering timed out after 10000ms\n    at Timeout.<anonymous> (D:\\EduConnect\\backend\\node_modules\\mongoose\\lib\\drivers\\node-mongodb-native\\collection.js:187:23)\n    at listOnTimeout (node:internal/timers:573:17)\n    at processTimers (node:internal/timers:514:7)"],"fullName":"Admission API Tests GET /api/admissions should get user own admissions","invocations":1,"location":null,"numPassingAsserts":0,"retryReasons":[],"startAt":1763483500676,"status":"failed","title":"should get user own admissions"},{"ancestorTitles":["Admission API Tests","PUT /api/admissions/:id/status"],"duration":10009,"failing":false,"failureDetails":[{},{}],"failureMessages":["MongooseError: Can't call `openUri()` on an active connection with different connection strings. Make sure you aren't calling `mongoose.connect()` multiple times. See: https://mongoosejs.com/docs/connections.html#multiple_connections\n    at NativeConnection.createClient (D:\\EduConnect\\backend\\node_modules\\mongoose\\lib\\drivers\\node-mongodb-native\\connection.js:251:13)\n    at NativeConnection.openUri (D:\\EduConnect\\backend\\node_modules\\mongoose\\lib\\connection.js:1075:34)\n    at Mongoose.connect (D:\\EduConnect\\backend\\node_modules\\mongoose\\lib\\mongoose.js:450:15)\n    at Object.connect (D:\\EduConnect\\backend\\__tests__\\helpers\\db-handler.js:11:18)\n    at processTicksAndRejections (node:internal/process/task_queues:95:5)\n    at Object.<anonymous> (D:\\EduConnect\\backend\\__tests__\\api\\admission.test.js:9:23)","MongooseError: Operation `users.deleteMany()` buffering timed out after 10000ms\n    at Timeout.<anonymous> (D:\\EduConnect\\backend\\node_modules\\mongoose\\lib\\drivers\\node-mongodb-native\\collection.js:187:23)\n    at listOnTimeout (node:internal/timers:573:17)\n    at processTimers (node:internal/timers:514:7)"],"fullName":"Admission API Tests PUT /api/admissions/:id/status should allow admin to update admission status","invocations":1,"location":null,"numPassingAsserts":0,"retryReasons":[],"startAt":1763483510684,"status":"failed","title":"should allow admin to update admission status"},{"ancestorTitles":["Admission API Tests","PUT /api/admissions/:id/status"],"duration":10002,"failing":false,"failureDetails":[{},{}],"failureMessages":["MongooseError: Can't call `openUri()` on an active connection with different connection strings. Make sure you aren't calling `mongoose.connect()` multiple times. See: https://mongoosejs.com/docs/connections.html#multiple_connections\n    at NativeConnection.createClient (D:\\EduConnect\\backend\\node_modules\\mongoose\\lib\\drivers\\node-mongodb-native\\connection.js:251:13)\n    at NativeConnection.openUri (D:\\EduConnect\\backend\\node_modules\\mongoose\\lib\\connection.js:1075:34)\n    at Mongoose.connect (D:\\EduConnect\\backend\\node_modules\\mongoose\\lib\\mongoose.js:450:15)\n    at Object.connect (D:\\EduConnect\\backend\\__tests__\\helpers\\db-handler.js:11:18)\n    at processTicksAndRejections (node:internal/process/task_queues:95:5)\n    at Object.<anonymous> (D:\\EduConnect\\backend\\__tests__\\api\\admission.test.js:9:23)","MongooseError: Operation `users.deleteMany()` buffering timed out after 10000ms\n    at Timeout.<anonymous> (D:\\EduConnect\\backend\\node_modules\\mongoose\\lib\\drivers\\node-mongodb-native\\collection.js:187:23)\n    at listOnTimeout (node:internal/timers:573:17)\n    at processTimers (node:internal/timers:514:7)"],"fullName":"Admission API Tests PUT /api/admissions/:id/status should not allow regular user to update status","invocations":1,"location":null,"numPassingAsserts":0,"retryReasons":[],"startAt":1763483520693,"status":"failed","title":"should not allow regular user to update status"}],"coverage":{},"endTime":1763483603787,"message":"\u001b[1m\u001b[31m  \u001b[1m● \u001b[22m\u001b[1mAdmission API Tests › POST /api/admissions › should create admission application with valid data\u001b[39m\u001b[22m\n\n    MongooseError: Can't call `openUri()` on an active connection with different connection strings. Make sure you aren't calling `mongoose.connect()` multiple times. See: https://mongoosejs.com/docs/connections.html#multiple_connections\n\u001b[2m\u001b[22m\n\u001b[2m    \u001b[0m \u001b[90m  9 |\u001b[39m   \u001b[36mconst\u001b[39m uri \u001b[33m=\u001b[39m mongoServer\u001b[33m.\u001b[39mgetUri()\u001b[33m;\u001b[39m\u001b[22m\n\u001b[2m     \u001b[90m 10 |\u001b[39m\u001b[22m\n\u001b[2m    \u001b[31m\u001b[1m>\u001b[22m\u001b[2m\u001b[39m\u001b[90m 11 |\u001b[39m   \u001b[36mawait\u001b[39m mongoose\u001b[33m.\u001b[39mconnect(uri\u001b[33m,\u001b[39m {\u001b[22m\n\u001b[2m     \u001b[90m    |\u001b[39m                  \u001b[31m\u001b[1m^\u001b[22m\u001b[2m\u001b[39m\u001b[22m\n\u001b[2m     \u001b[90m 12 |\u001b[39m     useNewUrlParser\u001b[33m:\u001b[39m \u001b[36mtrue\u001b[39m\u001b[33m,\u001b[39m\u001b[22m\n\u001b[2m     \u001b[90m 13 |\u001b[39m     useUnifiedTopology\u001b[33m:\u001b[39m \u001b[36mtrue\u001b[39m\u001b[33m,\u001b[39m\u001b[22m\n\u001b[2m     \u001b[90m 14 |\u001b[39m   })\u001b[33m;\u001b[39m\u001b[0m\u001b[22m\n\u001b[2m\u001b[22m\n\u001b[2m      \u001b[2mat NativeConnection.createClient (\u001b[22m\u001b[2mnode_modules/mongoose/lib/drivers/node-mongodb-native/connection.js\u001b[2m:251:13)\u001b[22m\u001b[2m\u001b[22m\n\u001b[2m      \u001b[2mat NativeConnection.openUri (\u001b[22m\u001b[2mnode_modules/mongoose/lib/connection.js\u001b[2m:1075:34)\u001b[22m\u001b[2m\u001b[22m\n\u001b[2m      \u001b[2mat Mongoose.connect (\u001b[22m\u001b[2mnode_modules/mongoose/lib/mongoose.js\u001b[2m:450:15)\u001b[22m\u001b[2m\u001b[22m\n\u001b[2m      \u001b[2mat Object.connect (\u001b[22m\u001b[2m__tests__/helpers/db-handler.js\u001b[2m:11:18)\u001b[22m\u001b[2m\u001b[22m\n\u001b[2m      \u001b[2mat Object.<anonymous> (\u001b[22m\u001b[2m\u001b[0m\u001b[36m__tests__/api/admission.test.js\u001b[39m\u001b[0m\u001b[2m:9:23)\u001b[22m\u001b[2m\u001b[22m\n\n\u001b[1m\u001b[31m  \u001b[1m● \u001b[22m\u001b[1mAdmission API Tests › POST /api/admissions › should create admission application with valid data\u001b[39m\u001b[22m\n\n    MongooseError: Operation `users.deleteMany()` buffering timed out after 10000ms\n\u001b[2m\u001b[22m\n\u001b[2m      \u001b[2mat Timeout.<anonymous> (\u001b[22m\u001b[2mnode_modules/mongoose/lib/drivers/node-mongodb-native/collection.js\u001b[2m:187:23)\u001b[22m\u001b[2m\u001b[22m\n\n\u001b[1m\u001b[31m  \u001b[1m● \u001b[22m\u001b[1mAdmission API Tests › POST /api/admissions › should fail without authentication\u001b[39m\u001b[22m\n\n    MongooseError: Can't call `openUri()` on an active connection with different connection strings. Make sure you aren't calling `mongoose.connect()` multiple times. See: https://mongoosejs.com/docs/connections.html#multiple_connections\n\u001b[2m\u001b[22m\n\u001b[2m    \u001b[0m \u001b[90m  9 |\u001b[39m   \u001b[36mconst\u001b[39m uri \u001b[33m=\u001b[39m mongoServer\u001b[33m.\u001b[39mgetUri()\u001b[33m;\u001b[39m\u001b[22m\n\u001b[2m     \u001b[90m 10 |\u001b[39m\u001b[22m\n\u001b[2m    \u001b[31m\u001b[1m>\u001b[22m\u001b[2m\u001b[39m\u001b[90m 11 |\u001b[39m   \u001b[36mawait\u001b[39m mongoose\u001b[33m.\u001b[39mconnect(uri\u001b[33m,\u001b[39m {\u001b[22m\n\u001b[2m     \u001b[90m    |\u001b[39m                  \u001b[31m\u001b[1m^\u001b[22m\u001b[2m\u001b[39m\u001b[22m\n\u001b[2m     \u001b[90m 12 |\u001b[39m     useNewUrlParser\u001b[33m:\u001b[39m \u001b[36mtrue\u001b[39m\u001b[33m,\u001b[39m\u001b[22m\n\u001b[2m     \u001b[90m 13 |\u001b[39m     useUnifiedTopology\u001b[33m:\u001b[39m \u001b[36mtrue\u001b[39m\u001b[33m,\u001b[39m\u001b[22m\n\u001b[2m     \u001b[90m 14 |\u001b[39m   })\u001b[33m;\u001b[39m\u001b[0m\u001b[22m\n\u001b[2m\u001b[22m\n\u001b[2m      \u001b[2mat NativeConnection.createClient (\u001b[22m\u001b[2mnode_modules/mongoose/lib/drivers/node-mongodb-native/connection.js\u001b[2m:251:13)\u001b[22m\u001b[2m\u001b[22m\n\u001b[2m      \u001b[2mat NativeConnection.openUri (\u001b[22m\u001b[2mnode_modules/mongoose/lib/connection.js\u001b[2m:1075:34)\u001b[22m\u001b[2m\u001b[22m\n\u001b[2m      \u001b[2mat Mongoose.connect (\u001b[22m\u001b[2mnode_modules/mongoose/lib/mongoose.js\u001b[2m:450:15)\u001b[22m\u001b[2m\u001b[22m\n\u001b[2m      \u001b[2mat Object.connect (\u001b[22m\u001b[2m__tests__/helpers/db-handler.js\u001b[2m:11:18)\u001b[22m\u001b[2m\u001b[22m\n\u001b[2m      \u001b[2mat Object.<anonymous> (\u001b[22m\u001b[2m\u001b[0m\u001b[36m__tests__/api/admission.test.js\u001b[39m\u001b[0m\u001b[2m:9:23)\u001b[22m\u001b[2m\u001b[22m\n\n\u001b[1m\u001b[31m  \u001b[1m● \u001b[22m\u001b[1mAdmission API Tests › POST /api/admissions › should fail without authentication\u001b[39m\u001b[22m\n\n    MongooseError: Operation `users.deleteMany()` buffering timed out after 10000ms\n\u001b[2m\u001b[22m\n\u001b[2m      \u001b[2mat Timeout.<anonymous> (\u001b[22m\u001b[2mnode_modules/mongoose/lib/drivers/node-mongodb-native/collection.js\u001b[2m:187:23)\u001b[22m\u001b[2m\u001b[22m\n\n\u001b[1m\u001b[31m  \u001b[1m● \u001b[22m\u001b[1mAdmission API Tests › GET /api/admissions › should get all admissions for admin\u001b[39m\u001b[22m\n\n    MongooseError: Can't call `openUri()` on an active connection with different connection strings. Make sure you aren't calling `mongoose.connect()` multiple times. See: https://mongoosejs.com/docs/connections.html#multiple_connections\n\u001b[2m\u001b[22m\n\u001b[2m    \u001b[0m \u001b[90m  9 |\u001b[39m   \u001b[36mconst\u001b[39m uri \u001b[33m=\u001b[39m mongoServer\u001b[33m.\u001b[39mgetUri()\u001b[33m;\u001b[39m\u001b[22m\n\u001b[2m     \u001b[90m 10 |\u001b[39m\u001b[22m\n\u001b[2m    \u001b[31m\u001b[1m>\u001b[22m\u001b[2m\u001b[39m\u001b[90m 11 |\u001b[39m   \u001b[36mawait\u001b[39m mongoose\u001b[33m.\u001b[39mconnect(uri\u001b[33m,\u001b[39m {\u001b[22m\n\u001b[2m     \u001b[90m    |\u001b[39m                  \u001b[31m\u001b[1m^\u001b[22m\u001b[2m\u001b[39m\u001b[22m\n\u001b[2m     \u001b[90m 12 |\u001b[39m     useNewUrlParser\u001b[33m:\u001b[39m \u001b[36mtrue\u001b[39m\u001b[33m,\u001b[39m\u001b[22m\n\u001b[2m     \u001b[90m 13 |\u001b[39m     useUnifiedTopology\u001b[33m:\u001b[39m \u001b[36mtrue\u001b[39m\u001b[33m,\u001b[39m\u001b[22m\n\u001b[2m     \u001b[90m 14 |\u001b[39m   })\u001b[33m;\u001b[39m\u001b[0m\u001b[22m\n\u001b[2m\u001b[22m\n\u001b[2m      \u001b[2mat NativeConnection.createClient (\u001b[22m\u001b[2mnode_modules/mongoose/lib/drivers/node-mongodb-native/connection.js\u001b[2m:251:13)\u001b[22m\u001b[2m\u001b[22m\n\u001b[2m      \u001b[2mat NativeConnection.openUri (\u001b[22m\u001b[2mnode_modules/mongoose/lib/connection.js\u001b[2m:1075:34)\u001b[22m\u001b[2m\u001b[22m\n\u001b[2m      \u001b[2mat Mongoose.connect (\u001b[22m\u001b[2mnode_modules/mongoose/lib/mongoose.js\u001b[2m:450:15)\u001b[22m\u001b[2m\u001b[22m\n\u001b[2m      \u001b[2mat Object.connect (\u001b[22m\u001b[2m__tests__/helpers/db-handler.js\u001b[2m:11:18)\u001b[22m\u001b[2m\u001b[22m\n\u001b[2m      \u001b[2mat Object.<anonymous> (\u001b[22m\u001b[2m\u001b[0m\u001b[36m__tests__/api/admission.test.js\u001b[39m\u001b[0m\u001b[2m:9:23)\u001b[22m\u001b[2m\u001b[22m\n\n\u001b[1m\u001b[31m  \u001b[1m● \u001b[22m\u001b[1mAdmission API Tests › GET /api/admissions › should get all admissions for admin\u001b[39m\u001b[22m\n\n    MongooseError: Operation `users.deleteMany()` buffering timed out after 10000ms\n\u001b[2m\u001b[22m\n\u001b[2m      \u001b[2mat Timeout.<anonymous> (\u001b[22m\u001b[2mnode_modules/mongoose/lib/drivers/node-mongodb-native/collection.js\u001b[2m:187:23)\u001b[22m\u001b[2m\u001b[22m\n\n\u001b[1m\u001b[31m  \u001b[1m● \u001b[22m\u001b[1mAdmission API Tests › GET /api/admissions › should get user own admissions\u001b[39m\u001b[22m\n\n    MongooseError: Can't call `openUri()` on an active connection with different connection strings. Make sure you aren't calling `mongoose.connect()` multiple times. See: https://mongoosejs.com/docs/connections.html#multiple_connections\n\u001b[2m\u001b[22m\n\u001b[2m    \u001b[0m \u001b[90m  9 |\u001b[39m   \u001b[36mconst\u001b[39m uri \u001b[33m=\u001b[39m mongoServer\u001b[33m.\u001b[39mgetUri()\u001b[33m;\u001b[39m\u001b[22m\n\u001b[2m     \u001b[90m 10 |\u001b[39m\u001b[22m\n\u001b[2m    \u001b[31m\u001b[1m>\u001b[22m\u001b[2m\u001b[39m\u001b[90m 11 |\u001b[39m   \u001b[36mawait\u001b[39m mongoose\u001b[33m.\u001b[39mconnect(uri\u001b[33m,\u001b[39m {\u001b[22m\n\u001b[2m     \u001b[90m    |\u001b[39m                  \u001b[31m\u001b[1m^\u001b[22m\u001b[2m\u001b[39m\u001b[22m\n\u001b[2m     \u001b[90m 12 |\u001b[39m     useNewUrlParser\u001b[33m:\u001b[39m \u001b[36mtrue\u001b[39m\u001b[33m,\u001b[39m\u001b[22m\n\u001b[2m     \u001b[90m 13 |\u001b[39m     useUnifiedTopology\u001b[33m:\u001b[39m \u001b[36mtrue\u001b[39m\u001b[33m,\u001b[39m\u001b[22m\n\u001b[2m     \u001b[90m 14 |\u001b[39m   })\u001b[33m;\u001b[39m\u001b[0m\u001b[22m\n\u001b[2m\u001b[22m\n\u001b[2m      \u001b[2mat NativeConnection.createClient (\u001b[22m\u001b[2mnode_modules/mongoose/lib/drivers/node-mongodb-native/connection.js\u001b[2m:251:13)\u001b[22m\u001b[2m\u001b[22m\n\u001b[2m      \u001b[2mat NativeConnection.openUri (\u001b[22m\u001b[2mnode_modules/mongoose/lib/connection.js\u001b[2m:1075:34)\u001b[22m\u001b[2m\u001b[22m\n\u001b[2m      \u001b[2mat Mongoose.connect (\u001b[22m\u001b[2mnode_modules/mongoose/lib/mongoose.js\u001b[2m:450:15)\u001b[22m\u001b[2m\u001b[22m\n\u001b[2m      \u001b[2mat Object.connect (\u001b[22m\u001b[2m__tests__/helpers/db-handler.js\u001b[2m:11:18)\u001b[22m\u001b[2m\u001b[22m\n\u001b[2m      \u001b[2mat Object.<anonymous> (\u001b[22m\u001b[2m\u001b[0m\u001b[36m__tests__/api/admission.test.js\u001b[39m\u001b[0m\u001b[2m:9:23)\u001b[22m\u001b[2m\u001b[22m\n\n\u001b[1m\u001b[31m  \u001b[1m● \u001b[22m\u001b[1mAdmission API Tests › GET /api/admissions › should get user own admissions\u001b[39m\u001b[22m\n\n    MongooseError: Operation `users.deleteMany()` buffering timed out after 10000ms\n\u001b[2m\u001b[22m\n\u001b[2m      \u001b[2mat Timeout.<anonymous> (\u001b[22m\u001b[2mnode_modules/mongoose/lib/drivers/node-mongodb-native/collection.js\u001b[2m:187:23)\u001b[22m\u001b[2m\u001b[22m\n\n\u001b[1m\u001b[31m  \u001b[1m● \u001b[22m\u001b[1mAdmission API Tests › PUT /api/admissions/:id/status › should allow admin to update admission status\u001b[39m\u001b[22m\n\n    MongooseError: Can't call `openUri()` on an active connection with different connection strings. Make sure you aren't calling `mongoose.connect()` multiple times. See: https://mongoosejs.com/docs/connections.html#multiple_connections\n\u001b[2m\u001b[22m\n\u001b[2m    \u001b[0m \u001b[90m  9 |\u001b[39m   \u001b[36mconst\u001b[39m uri \u001b[33m=\u001b[39m mongoServer\u001b[33m.\u001b[39mgetUri()\u001b[33m;\u001b[39m\u001b[22m\n\u001b[2m     \u001b[90m 10 |\u001b[39m\u001b[22m\n\u001b[2m    \u001b[31m\u001b[1m>\u001b[22m\u001b[2m\u001b[39m\u001b[90m 11 |\u001b[39m   \u001b[36mawait\u001b[39m mongoose\u001b[33m.\u001b[39mconnect(uri\u001b[33m,\u001b[39m {\u001b[22m\n\u001b[2m     \u001b[90m    |\u001b[39m                  \u001b[31m\u001b[1m^\u001b[22m\u001b[2m\u001b[39m\u001b[22m\n\u001b[2m     \u001b[90m 12 |\u001b[39m     useNewUrlParser\u001b[33m:\u001b[39m \u001b[36mtrue\u001b[39m\u001b[33m,\u001b[39m\u001b[22m\n\u001b[2m     \u001b[90m 13 |\u001b[39m     useUnifiedTopology\u001b[33m:\u001b[39m \u001b[36mtrue\u001b[39m\u001b[33m,\u001b[39m\u001b[22m\n\u001b[2m     \u001b[90m 14 |\u001b[39m   })\u001b[33m;\u001b[39m\u001b[0m\u001b[22m\n\u001b[2m\u001b[22m\n\u001b[2m      \u001b[2mat NativeConnection.createClient (\u001b[22m\u001b[2mnode_modules/mongoose/lib/drivers/node-mongodb-native/connection.js\u001b[2m:251:13)\u001b[22m\u001b[2m\u001b[22m\n\u001b[2m      \u001b[2mat NativeConnection.openUri (\u001b[22m\u001b[2mnode_modules/mongoose/lib/connection.js\u001b[2m:1075:34)\u001b[22m\u001b[2m\u001b[22m\n\u001b[2m      \u001b[2mat Mongoose.connect (\u001b[22m\u001b[2mnode_modules/mongoose/lib/mongoose.js\u001b[2m:450:15)\u001b[22m\u001b[2m\u001b[22m\n\u001b[2m      \u001b[2mat Object.connect (\u001b[22m\u001b[2m__tests__/helpers/db-handler.js\u001b[2m:11:18)\u001b[22m\u001b[2m\u001b[22m\n\u001b[2m      \u001b[2mat Object.<anonymous> (\u001b[22m\u001b[2m\u001b[0m\u001b[36m__tests__/api/admission.test.js\u001b[39m\u001b[0m\u001b[2m:9:23)\u001b[22m\u001b[2m\u001b[22m\n\n\u001b[1m\u001b[31m  \u001b[1m● \u001b[22m\u001b[1mAdmission API Tests › PUT /api/admissions/:id/status › should allow admin to update admission status\u001b[39m\u001b[22m\n\n    MongooseError: Operation `users.deleteMany()` buffering timed out after 10000ms\n\u001b[2m\u001b[22m\n\u001b[2m      \u001b[2mat Timeout.<anonymous> (\u001b[22m\u001b[2mnode_modules/mongoose/lib/drivers/node-mongodb-native/collection.js\u001b[2m:187:23)\u001b[22m\u001b[2m\u001b[22m\n\n\u001b[1m\u001b[31m  \u001b[1m● \u001b[22m\u001b[1mAdmission API Tests › PUT /api/admissions/:id/status › should not allow regular user to update status\u001b[39m\u001b[22m\n\n    MongooseError: Can't call `openUri()` on an active connection with different connection strings. Make sure you aren't calling `mongoose.connect()` multiple times. See: https://mongoosejs.com/docs/connections.html#multiple_connections\n\u001b[2m\u001b[22m\n\u001b[2m    \u001b[0m \u001b[90m  9 |\u001b[39m   \u001b[36mconst\u001b[39m uri \u001b[33m=\u001b[39m mongoServer\u001b[33m.\u001b[39mgetUri()\u001b[33m;\u001b[39m\u001b[22m\n\u001b[2m     \u001b[90m 10 |\u001b[39m\u001b[22m\n\u001b[2m    \u001b[31m\u001b[1m>\u001b[22m\u001b[2m\u001b[39m\u001b[90m 11 |\u001b[39m   \u001b[36mawait\u001b[39m mongoose\u001b[33m.\u001b[39mconnect(uri\u001b[33m,\u001b[39m {\u001b[22m\n\u001b[2m     \u001b[90m    |\u001b[39m                  \u001b[31m\u001b[1m^\u001b[22m\u001b[2m\u001b[39m\u001b[22m\n\u001b[2m     \u001b[90m 12 |\u001b[39m     useNewUrlParser\u001b[33m:\u001b[39m \u001b[36mtrue\u001b[39m\u001b[33m,\u001b[39m\u001b[22m\n\u001b[2m     \u001b[90m 13 |\u001b[39m     useUnifiedTopology\u001b[33m:\u001b[39m \u001b[36mtrue\u001b[39m\u001b[33m,\u001b[39m\u001b[22m\n\u001b[2m     \u001b[90m 14 |\u001b[39m   })\u001b[33m;\u001b[39m\u001b[0m\u001b[22m\n\u001b[2m\u001b[22m\n\u001b[2m      \u001b[2mat NativeConnection.createClient (\u001b[22m\u001b[2mnode_modules/mongoose/lib/drivers/node-mongodb-native/connection.js\u001b[2m:251:13)\u001b[22m\u001b[2m\u001b[22m\n\u001b[2m      \u001b[2mat NativeConnection.openUri (\u001b[22m\u001b[2mnode_modules/mongoose/lib/connection.js\u001b[2m:1075:34)\u001b[22m\u001b[2m\u001b[22m\n\u001b[2m      \u001b[2mat Mongoose.connect (\u001b[22m\u001b[2mnode_modules/mongoose/lib/mongoose.js\u001b[2m:450:15)\u001b[22m\u001b[2m\u001b[22m\n\u001b[2m      \u001b[2mat Object.connect (\u001b[22m\u001b[2m__tests__/helpers/db-handler.js\u001b[2m:11:18)\u001b[22m\u001b[2m\u001b[22m\n\u001b[2m      \u001b[2mat Object.<anonymous> (\u001b[22m\u001b[2m\u001b[0m\u001b[36m__tests__/api/admission.test.js\u001b[39m\u001b[0m\u001b[2m:9:23)\u001b[22m\u001b[2m\u001b[22m\n\n\u001b[1m\u001b[31m  \u001b[1m● \u001b[22m\u001b[1mAdmission API Tests › PUT /api/admissions/:id/status › should not allow regular user to update status\u001b[39m\u001b[22m\n\n    MongooseError: Operation `users.deleteMany()` buffering timed out after 10000ms\n\u001b[2m\u001b[22m\n\u001b[2m      \u001b[2mat Timeout.<anonymous> (\u001b[22m\u001b[2mnode_modules/mongoose/lib/drivers/node-mongodb-native/collection.js\u001b[2m:187:23)\u001b[22m\u001b[2m\u001b[22m\n\n\n  \u001b[1m● \u001b[22mTest suite failed to run\n\n    listen EADDRINUSE: address already in use 0.0.0.0:5001\n\n\n  \u001b[1m● \u001b[22mTest suite failed to run\n\n    MongooseError: Connection operation buffering timed out after 10000ms\n\n    \u001b[0m \u001b[90m 25 |\u001b[39m \u001b[90m// Close database connection after all tests\u001b[39m\n     \u001b[90m 26 |\u001b[39m \u001b[36mconst\u001b[39m closeDatabase \u001b[33m=\u001b[39m \u001b[36masync\u001b[39m () \u001b[33m=>\u001b[39m {\n    \u001b[31m\u001b[1m>\u001b[22m\u001b[39m\u001b[90m 27 |\u001b[39m   \u001b[36mawait\u001b[39m mongoose\u001b[33m.\u001b[39mconnection\u001b[33m.\u001b[39mdropDatabase()\u001b[33m;\u001b[39m\n     \u001b[90m    |\u001b[39m   \u001b[31m\u001b[1m^\u001b[22m\u001b[39m\n     \u001b[90m 28 |\u001b[39m   \u001b[36mawait\u001b[39m mongoose\u001b[33m.\u001b[39mconnection\u001b[33m.\u001b[39mclose()\u001b[33m;\u001b[39m\n     \u001b[90m 29 |\u001b[39m   \u001b[36mif\u001b[39m (mongoServer) {\n     \u001b[90m 30 |\u001b[39m     \u001b[36mawait\u001b[39m mongoServer\u001b[33m.\u001b[39mstop()\u001b[33m;\u001b[39m\u001b[0m\n\n      \u001b[2mat NativeConnection._waitForConnect (\u001b[22mnode_modules/mongoose/lib/connection.js\u001b[2m:869:13)\u001b[22m\n      \u001b[2mat NativeConnection.dropDatabase (\u001b[22mnode_modules/mongoose/lib/connection.js\u001b[2m:947:3)\u001b[22m\n      \u001b[2mat Object.closeDatabase (\u001b[22m__tests__/helpers/db-handler.js\u001b[2m:27:3)\u001b[22m\n      \u001b[2mat Object.<anonymous> (\u001b[22m\u001b[0m\u001b[36m__tests__/api/admission.test.js\u001b[39m\u001b[0m\u001b[2m:11:22)\u001b[22m\n","name":"D:\\EduConnect\\backend\\__tests__\\api\\admission.test.js","startTime":1763483603787,"status":"failed","summary":""},{"assertionResults":[{"ancestorTitles":["User API Tests","GET /api/users/profile"],"duration":10009,"failing":false,"failureDetails":[{},{}],"failureMessages":["MongooseError: Can't call `openUri()` on an active connection with different connection strings. Make sure you aren't calling `mongoose.connect()` multiple times. See: https://mongoosejs.com/docs/connections.html#multiple_connections\n    at NativeConnection.createClient (D:\\EduConnect\\backend\\node_modules\\mongoose\\lib\\drivers\\node-mongodb-native\\connection.js:251:13)\n    at NativeConnection.openUri (D:\\EduConnect\\backend\\node_modules\\mongoose\\lib\\connection.js:1075:34)\n    at Mongoose.connect (D:\\EduConnect\\backend\\node_modules\\mongoose\\lib\\mongoose.js:450:15)\n    at Object.connect (D:\\EduConnect\\backend\\__tests__\\helpers\\db-handler.js:11:18)\n    at processTicksAndRejections (node:internal/process/task_queues:95:5)\n    at Object.<anonymous> (D:\\EduConnect\\backend\\__tests__\\api\\user.test.js:8:23)","MongooseError: Operation `users.deleteMany()` buffering timed out after 10000ms\n    at Timeout.<anonymous> (D:\\EduConnect\\backend\\node_modules\\mongoose\\lib\\drivers\\node-mongodb-native\\collection.js:187:23)\n    at listOnTimeout (node:internal/timers:573:17)\n    at processTimers (node:internal/timers:514:7)"],"fullName":"User API Tests GET /api/users/profile should get user profile with valid token","invocations":1,"location":null,"numPassingAsserts":0,"retryReasons":[],"startAt":1763483473793,"status":"failed","title":"should get user profile with valid token"},{"ancestorTitles":["User API Tests","GET /api/users/profile"],"duration":10006,"failing":false,"failureDetails":[{},{}],"failureMessages":["MongooseError: Can't call `openUri()` on an active connection with different connection strings. Make sure you aren't calling `mongoose.connect()` multiple times. See: https://mongoosejs.com/docs/connections.html#multiple_connections\n    at NativeConnection.createClient (D:\\EduConnect\\backend\\node_modules\\mongoose\\lib\\drivers\\node-mongodb-native\\connection.js:251:13)\n    at NativeConnection.openUri (D:\\EduConnect\\backend\\node_modules\\mongoose\\lib\\connection.js:1075:34)\n    at Mongoose.connect (D:\\EduConnect\\backend\\node_modules\\mongoose\\lib\\mongoose.js:450:15)\n    at Object.connect (D:\\EduConnect\\backend\\__tests__\\helpers\\db-handler.js:11:18)\n    at processTicksAndRejections (node:internal/process/task_queues:95:5)\n    at Object.<anonymous> (D:\\EduConnect\\backend\\__tests__\\api\\user.test.js:8:23)","MongooseError: Operation `users.deleteMany()` buffering timed out after 10000ms\n    at Timeout.<anonymous> (D:\\EduConnect\\backend\\node_modules\\mongoose\\lib\\drivers\\node-mongodb-native\\collection.js:187:23)\n    at listOnTimeout (node:internal/timers:573:17)\n    at processTimers (node:internal/timers:514:7)"],"fullName":"User API Tests GET /api/users/profile should fail without authentication token","invocations":1,"location":null,"numPassingAsserts":0,"retryReasons":[],"startAt":1763483483810,"status":"failed","title":"should fail without authentication token"},{"ancestorTitles":["User API Tests","GET /api/users/profile"],"duration":10015,"failing":false,"failureDetails":[{},{}],"failureMessages":["MongooseError: Can't call `openUri()` on an active connection with different connection strings. Make sure you aren't calling `mongoose.connect()` multiple times. See: https://mongoosejs.com/docs/connections.html#multiple_connections\n    at NativeConnection.createClient (D:\\EduConnect\\backend\\node_modules\\mongoose\\lib\\drivers\\node-mongodb-native\\connection.js:251:13)\n    at NativeConnection.openUri (D:\\EduConnect\\backend\\node_modules\\mongoose\\lib\\connection.js:1075:34)\n    at Mongoose.connect (D:\\EduConnect\\backend\\node_modules\\mongoose\\lib\\mongoose.js:450:15)\n    at Object.connect (D:\\EduConnect\\backend\\__tests__\\helpers\\db-handler.js:11:18)\n    at processTicksAndRejections (node:internal/process/task_queues:95:5)\n    at Object.<anonymous> (D:\\EduConnect\\backend\\__tests__\\api\\user.test.js:8:23)","MongooseError: Operation `users.deleteMany()` buffering timed out after 10000ms\n    at Timeout.<anonymous> (D:\\EduConnect\\backend\\node_modules\\mongoose\\lib\\drivers\\node-mongodb-native\\collection.js:187:23)\n    at listOnTimeout (node:internal/timers:573:17)\n    at processTimers (node:internal/timers:514:7)"],"fullName":"User API Tests GET /api/users/profile should fail with invalid token","invocations":1,"location":null,"numPassingAsserts":0,"retryReasons":[],"startAt":1763483493816,"status":"failed","title":"should fail with invalid token"},{"ancestorTitles":["User API Tests","PUT /api/users/profile"],"duration":10004,"failing":false,"failureDetails":[{},{}],"failureMessages":["MongooseError: Can't call `openUri()` on an active connection with different connection strings. Make sure you aren't calling `mongoose.connect()` multiple times. See: https://mongoosejs.com/docs/connections.html#multiple_connections\n    at NativeConnection.createClient (D:\\EduConnect\\backend\\node_modules\\mongoose\\lib\\drivers\\node-mongodb-native\\connection.js:251:13)\n    at NativeConnection.openUri (D:\\EduConnect\\backend\\node_modules\\mongoose\\lib\\connection.js:1075:34)\n    at Mongoose.connect (D:\\EduConnect\\backend\\node_modules\\mongoose\\lib\\mongoose.js:450:15)\n    at Object.connect (D:\\EduConnect\\backend\\__tests__\\helpers\\db-handler.js:11:18)\n    at processTicksAndRejections (node:internal/process/task_queues:95:5)\n    at Object.<anonymous> (D:\\EduConnect\\backend\\__tests__\\api\\user.test.js:8:23)","MongooseError: Operation `users.deleteMany()` buffering timed out after 10000ms\n    at Timeout.<anonymous> (D:\\EduConnect\\backend\\node_modules\\mongoose\\lib\\drivers\\node-mongodb-native\\collection.js:187:23)\n    at listOnTimeout (node:internal/timers:573:17)\n    at processTimers (node:internal/timers:514:7)"],"fullName":"User API Tests PUT /api/users/profile should update user profile with valid data","invocations":1,"location":null,"numPassingAsserts":0,"retryReasons":[],"startAt":1763483503831,"status":"failed","title":"should update user profile with valid data"},{"ancestorTitles":["User API Tests","PUT /api/users/profile"],"duration":10009,"failing":false,"failureDetails":[{},{}],"failureMessages":["MongooseError: Can't call `openUri()` on an active connection with different connection strings. Make sure you aren't calling `mongoose.connect()` multiple times. See: https://mongoosejs.com/docs/connections.html#multiple_connections\n    at NativeConnection.createClient (D:\\EduConnect\\backend\\node_modules\\mongoose\\lib\\drivers\\node-mongodb-native\\connection.js:251:13)\n    at NativeConnection.openUri (D:\\EduConnect\\backend\\node_modules\\mongoose\\lib\\connection.js:1075:34)\n    at Mongoose.connect (D:\\EduConnect\\backend\\node_modules\\mongoose\\lib\\mongoose.js:450:15)\n    at Object.connect (D:\\EduConnect\\backend\\__tests__\\helpers\\db-handler.js:11:18)\n    at processTicksAndRejections (node:internal/process/task_queues:95:5)\n    at Object.<anonymous> (D:\\EduConnect\\backend\\__tests__\\api\\user.test.js:8:23)","MongooseError: Operation `users.deleteMany()` buffering timed out after 10000ms\n    at Timeout.<anonymous> (D:\\EduConnect\\backend\\node_modules\\mongoose\\lib\\drivers\\node-mongodb-native\\collection.js:187:23)\n    at listOnTimeout (node:internal/timers:573:17)\n    at processTimers (node:internal/timers:514:7)"],"fullName":"User API Tests PUT /api/users/profile should fail without authentication","invocations":1,"location":null,"numPassingAsserts":0,"retryReasons":[],"startAt":1763483513836,"status":"failed","title":"should fail without authentication"},{"ancestorTitles":["User API Tests","PUT /api/users/profile"],"duration":10008,"failing":false,"failureDetails":[{},{}],"failureMessages":["MongooseError: Can't call `openUri()` on an active connection with different connection strings. Make sure you aren't calling `mongoose.connect()` multiple times. See: https://mongoosejs.com/docs/connections.html#multiple_connections\n    at NativeConnection.createClient (D:\\EduConnect\\backend\\node_modules\\mongoose\\lib\\drivers\\node-mongodb-native\\connection.js:251:13)\n    at NativeConnection.openUri (D:\\EduConnect\\backend\\node_modules\\mongoose\\lib\\connection.js:1075:34)\n    at Mongoose.connect (D:\\EduConnect\\backend\\node_modules\\mongoose\\lib\\mongoose.js:450:15)\n    at Object.connect (D:\\EduConnect\\backend\\__tests__\\helpers\\db-handler.js:11:18)\n    at processTicksAndRejections (node:internal/process/task_queues:95:5)\n    at Object.<anonymous> (D:\\EduConnect\\backend\\__tests__\\api\\user.test.js:8:23)","MongooseError: Operation `users.deleteMany()` buffering timed out after 10000ms\n    at Timeout.<anonymous> (D:\\EduConnect\\backend\\node_modules\\mongoose\\lib\\drivers\\node-mongodb-native\\collection.js:187:23)\n    at listOnTimeout (node:internal/timers:573:17)\n    at processTimers (node:internal/timers:514:7)"],"fullName":"User API Tests PUT /api/users/profile should validate email format on update","invocations":1,"location":null,"numPassingAsserts":0,"retryReasons":[],"startAt":1763483523845,"status":"failed","title":"should validate email format on update"},{"ancestorTitles":["User API Tests","PUT /api/users/profile"],"duration":10012,"failing":false,"failureDetails":[{},{}],"failureMessages":["MongooseError: Can't call `openUri()` on an active connection with different connection strings. Make sure you aren't calling `mongoose.connect()` multiple times. See: https://mongoosejs.com/docs/connections.html#multiple_connections\n    at NativeConnection.createClient (D:\\EduConnect\\backend\\node_modules\\mongoose\\lib\\drivers\\node-mongodb-native\\connection.js:251:13)\n    at NativeConnection.openUri (D:\\EduConnect\\backend\\node_modules\\mongoose\\lib\\connection.js:1075:34)\n    at Mongoose.connect (D:\\EduConnect\\backend\\node_modules\\mongoose\\lib\\mongoose.js:450:15)\n    at Object.connect (D:\\EduConnect\\backend\\__tests__\\helpers\\db-handler.js:11:18)\n    at processTicksAndRejections (node:internal/process/task_queues:95:5)\n    at Object.<anonymous> (D:\\EduConnect\\backend\\__tests__\\api\\user.test.js:8:23)","MongooseError: Operation `users.deleteMany()` buffering timed out after 10000ms\n    at Timeout.<anonymous> (D:\\EduConnect\\backend\\node_modules\\mongoose\\lib\\drivers\\node-mongodb-native\\collection.js:187:23)\n    at listOnTimeout (node:internal/timers:573:17)\n    at processTimers (node:internal/timers:514:7)"],"fullName":"User API Tests PUT /api/users/profile should not allow updating sensitive fields directly","invocations":1,"location":null,"numPassingAsserts":0,"retryReasons":[],"startAt":1763483533854,"status":"failed","title":"should not allow updating sensitive fields directly"}],"coverage":{},"endTime":1763483603787,"message":"\u001b[1m\u001b[31m  \u001b[1m● \u001b[22m\u001b[1mUser API Tests › GET /api/users/profile › should get user profile with valid token\u001b[39m\u001b[22m\n\n    MongooseError: Can't call `openUri()` on an active connection with different connection strings. Make sure you aren't calling `mongoose.connect()` multiple times. See: https://mongoosejs.com/docs/connections.html#multiple_connections\n\u001b[2m\u001b[22m\n\u001b[2m    \u001b[0m \u001b[90m  9 |\u001b[39m   \u001b[36mconst\u001b[39m uri \u001b[33m=\u001b[39m mongoServer\u001b[33m.\u001b[39mgetUri()\u001b[33m;\u001b[39m\u001b[22m\n\u001b[2m     \u001b[90m 10 |\u001b[39m\u001b[22m\n\u001b[2m    \u001b[31m\u001b[1m>\u001b[22m\u001b[2m\u001b[39m\u001b[90m 11 |\u001b[39m   \u001b[36mawait\u001b[39m mongoose\u001b[33m.\u001b[39mconnect(uri\u001b[33m,\u001b[39m {\u001b[22m\n\u001b[2m     \u001b[90m    |\u001b[39m                  \u001b[31m\u001b[1m^\u001b[22m\u001b[2m\u001b[39m\u001b[22m\n\u001b[2m     \u001b[90m 12 |\u001b[39m     useNewUrlParser\u001b[33m:\u001b[39m \u001b[36mtrue\u001b[39m\u001b[33m,\u001b[39m\u001b[22m\n\u001b[2m     \u001b[90m 13 |\u001b[39m     useUnifiedTopology\u001b[33m:\u001b[39m \u001b[36mtrue\u001b[39m\u001b[33m,\u001b[39m\u001b[22m\n\u001b[2m     \u001b[90m 14 |\u001b[39m   })\u001b[33m;\u001b[39m\u001b[0m\u001b[22m\n\u001b[2m\u001b[22m\n\u001b[2m      \u001b[2mat NativeConnection.createClient (\u001b[22m\u001b[2mnode_modules/mongoose/lib/drivers/node-mongodb-native/connection.js\u001b[2m:251:13)\u001b[22m\u001b[2m\u001b[22m\n\u001b[2m      \u001b[2mat NativeConnection.openUri (\u001b[22m\u001b[2mnode_modules/mongoose/lib/connection.js\u001b[2m:1075:34)\u001b[22m\u001b[2m\u001b[22m\n\u001b[2m      \u001b[2mat Mongoose.connect (\u001b[22m\u001b[2mnode_modules/mongoose/lib/mongoose.js\u001b[2m:450:15)\u001b[22m\u001b[2m\u001b[22m\n\u001b[2m      \u001b[2mat Object.connect (\u001b[22m\u001b[2m__tests__/helpers/db-handler.js\u001b[2m:11:18)\u001b[22m\u001b[2m\u001b[22m\n\u001b[2m      \u001b[2mat Object.<anonymous> (\u001b[22m\u001b[2m\u001b[0m\u001b[36m__tests__/api/user.test.js\u001b[39m\u001b[0m\u001b[2m:8:23)\u001b[22m\u001b[2m\u001b[22m\n\n\u001b[1m\u001b[31m  \u001b[1m● \u001b[22m\u001b[1mUser API Tests › GET /api/users/profile › should get user profile with valid token\u001b[39m\u001b[22m\n\n    MongooseError: Operation `users.deleteMany()` buffering timed out after 10000ms\n\u001b[2m\u001b[22m\n\u001b[2m      \u001b[2mat Timeout.<anonymous> (\u001b[22m\u001b[2mnode_modules/mongoose/lib/drivers/node-mongodb-native/collection.js\u001b[2m:187:23)\u001b[22m\u001b[2m\u001b[22m\n\n\u001b[1m\u001b[31m  \u001b[1m● \u001b[22m\u001b[1mUser API Tests › GET /api/users/profile › should fail without authentication token\u001b[39m\u001b[22m\n\n    MongooseError: Can't call `openUri()` on an active connection with different connection strings. Make sure you aren't calling `mongoose.connect()` multiple times. See: https://mongoosejs.com/docs/connections.html#multiple_connections\n\u001b[2m\u001b[22m\n\u001b[2m    \u001b[0m \u001b[90m  9 |\u001b[39m   \u001b[36mconst\u001b[39m uri \u001b[33m=\u001b[39m mongoServer\u001b[33m.\u001b[39mgetUri()\u001b[33m;\u001b[39m\u001b[22m\n\u001b[2m     \u001b[90m 10 |\u001b[39m\u001b[22m\n\u001b[2m    \u001b[31m\u001b[1m>\u001b[22m\u001b[2m\u001b[39m\u001b[90m 11 |\u001b[39m   \u001b[36mawait\u001b[39m mongoose\u001b[33m.\u001b[39mconnect(uri\u001b[33m,\u001b[39m {\u001b[22m\n\u001b[2m     \u001b[90m    |\u001b[39m                  \u001b[31m\u001b[1m^\u001b[22m\u001b[2m\u001b[39m\u001b[22m\n\u001b[2m     \u001b[90m 12 |\u001b[39m     useNewUrlParser\u001b[33m:\u001b[39m \u001b[36mtrue\u001b[39m\u001b[33m,\u001b[39m\u001b[22m\n\u001b[2m     \u001b[90m 13 |\u001b[39m     useUnifiedTopology\u001b[33m:\u001b[39m \u001b[36mtrue\u001b[39m\u001b[33m,\u001b[39m\u001b[22m\n\u001b[2m     \u001b[90m 14 |\u001b[39m   })\u001b[33m;\u001b[39m\u001b[0m\u001b[22m\n\u001b[2m\u001b[22m\n\u001b[2m      \u001b[2mat NativeConnection.createClient (\u001b[22m\u001b[2mnode_modules/mongoose/lib/drivers/node-mongodb-native/connection.js\u001b[2m:251:13)\u001b[22m\u001b[2m\u001b[22m\n\u001b[2m      \u001b[2mat NativeConnection.openUri (\u001b[22m\u001b[2mnode_modules/mongoose/lib/connection.js\u001b[2m:1075:34)\u001b[22m\u001b[2m\u001b[22m\n\u001b[2m      \u001b[2mat Mongoose.connect (\u001b[22m\u001b[2mnode_modules/mongoose/lib/mongoose.js\u001b[2m:450:15)\u001b[22m\u001b[2m\u001b[22m\n\u001b[2m      \u001b[2mat Object.connect (\u001b[22m\u001b[2m__tests__/helpers/db-handler.js\u001b[2m:11:18)\u001b[22m\u001b[2m\u001b[22m\n\u001b[2m      \u001b[2mat Object.<anonymous> (\u001b[22m\u001b[2m\u001b[0m\u001b[36m__tests__/api/user.test.js\u001b[39m\u001b[0m\u001b[2m:8:23)\u001b[22m\u001b[2m\u001b[22m\n\n\u001b[1m\u001b[31m  \u001b[1m● \u001b[22m\u001b[1mUser API Tests › GET /api/users/profile › should fail without authentication token\u001b[39m\u001b[22m\n\n    MongooseError: Operation `users.deleteMany()` buffering timed out after 10000ms\n\u001b[2m\u001b[22m\n\u001b[2m      \u001b[2mat Timeout.<anonymous> (\u001b[22m\u001b[2mnode_modules/mongoose/lib/drivers/node-mongodb-native/collection.js\u001b[2m:187:23)\u001b[22m\u001b[2m\u001b[22m\n\n\u001b[1m\u001b[31m  \u001b[1m● \u001b[22m\u001b[1mUser API Tests › GET /api/users/profile › should fail with invalid token\u001b[39m\u001b[22m\n\n    MongooseError: Can't call `openUri()` on an active connection with different connection strings. Make sure you aren't calling `mongoose.connect()` multiple times. See: https://mongoosejs.com/docs/connections.html#multiple_connections\n\u001b[2m\u001b[22m\n\u001b[2m    \u001b[0m \u001b[90m  9 |\u001b[39m   \u001b[36mconst\u001b[39m uri \u001b[33m=\u001b[39m mongoServer\u001b[33m.\u001b[39mgetUri()\u001b[33m;\u001b[39m\u001b[22m\n\u001b[2m     \u001b[90m 10 |\u001b[39m\u001b[22m\n\u001b[2m    \u001b[31m\u001b[1m>\u001b[22m\u001b[2m\u001b[39m\u001b[90m 11 |\u001b[39m   \u001b[36mawait\u001b[39m mongoose\u001b[33m.\u001b[39mconnect(uri\u001b[33m,\u001b[39m {\u001b[22m\n\u001b[2m     \u001b[90m    |\u001b[39m                  \u001b[31m\u001b[1m^\u001b[22m\u001b[2m\u001b[39m\u001b[22m\n\u001b[2m     \u001b[90m 12 |\u001b[39m     useNewUrlParser\u001b[33m:\u001b[39m \u001b[36mtrue\u001b[39m\u001b[33m,\u001b[39m\u001b[22m\n\u001b[2m     \u001b[90m 13 |\u001b[39m     useUnifiedTopology\u001b[33m:\u001b[39m \u001b[36mtrue\u001b[39m\u001b[33m,\u001b[39m\u001b[22m\n\u001b[2m     \u001b[90m 14 |\u001b[39m   })\u001b[33m;\u001b[39m\u001b[0m\u001b[22m\n\u001b[2m\u001b[22m\n\u001b[2m      \u001b[2mat NativeConnection.createClient (\u001b[22m\u001b[2mnode_modules/mongoose/lib/drivers/node-mongodb-native/connection.js\u001b[2m:251:13)\u001b[22m\u001b[2m\u001b[22m\n\u001b[2m      \u001b[2mat NativeConnection.openUri (\u001b[22m\u001b[2mnode_modules/mongoose/lib/connection.js\u001b[2m:1075:34)\u001b[22m\u001b[2m\u001b[22m\n\u001b[2m      \u001b[2mat Mongoose.connect (\u001b[22m\u001b[2mnode_modules/mongoose/lib/mongoose.js\u001b[2m:450:15)\u001b[22m\u001b[2m\u001b[22m\n\u001b[2m      \u001b[2mat Object.connect (\u001b[22m\u001b[2m__tests__/helpers/db-handler.js\u001b[2m:11:18)\u001b[22m\u001b[2m\u001b[22m\n\u001b[2m      \u001b[2mat Object.<anonymous> (\u001b[22m\u001b[2m\u001b[0m\u001b[36m__tests__/api/user.test.js\u001b[39m\u001b[0m\u001b[2m:8:23)\u001b[22m\u001b[2m\u001b[22m\n\n\u001b[1m\u001b[31m  \u001b[1m● \u001b[22m\u001b[1mUser API Tests › GET /api/users/profile › should fail with invalid token\u001b[39m\u001b[22m\n\n    MongooseError: Operation `users.deleteMany()` buffering timed out after 10000ms\n\u001b[2m\u001b[22m\n\u001b[2m      \u001b[2mat Timeout.<anonymous> (\u001b[22m\u001b[2mnode_modules/mongoose/lib/drivers/node-mongodb-native/collection.js\u001b[2m:187:23)\u001b[22m\u001b[2m\u001b[22m\n\n\u001b[1m\u001b[31m  \u001b[1m● \u001b[22m\u001b[1mUser API Tests › PUT /api/users/profile › should update user profile with valid data\u001b[39m\u001b[22m\n\n    MongooseError: Can't call `openUri()` on an active connection with different connection strings. Make sure you aren't calling `mongoose.connect()` multiple times. See: https://mongoosejs.com/docs/connections.html#multiple_connections\n\u001b[2m\u001b[22m\n\u001b[2m    \u001b[0m \u001b[90m  9 |\u001b[39m   \u001b[36mconst\u001b[39m uri \u001b[33m=\u001b[39m mongoServer\u001b[33m.\u001b[39mgetUri()\u001b[33m;\u001b[39m\u001b[22m\n\u001b[2m     \u001b[90m 10 |\u001b[39m\u001b[22m\n\u001b[2m    \u001b[31m\u001b[1m>\u001b[22m\u001b[2m\u001b[39m\u001b[90m 11 |\u001b[39m   \u001b[36mawait\u001b[39m mongoose\u001b[33m.\u001b[39mconnect(uri\u001b[33m,\u001b[39m {\u001b[22m\n\u001b[2m     \u001b[90m    |\u001b[39m                  \u001b[31m\u001b[1m^\u001b[22m\u001b[2m\u001b[39m\u001b[22m\n\u001b[2m     \u001b[90m 12 |\u001b[39m     useNewUrlParser\u001b[33m:\u001b[39m \u001b[36mtrue\u001b[39m\u001b[33m,\u001b[39m\u001b[22m\n\u001b[2m     \u001b[90m 13 |\u001b[39m     useUnifiedTopology\u001b[33m:\u001b[39m \u001b[36mtrue\u001b[39m\u001b[33m,\u001b[39m\u001b[22m\n\u001b[2m     \u001b[90m 14 |\u001b[39m   })\u001b[33m;\u001b[39m\u001b[0m\u001b[22m\n\u001b[2m\u001b[22m\n\u001b[2m      \u001b[2mat NativeConnection.createClient (\u001b[22m\u001b[2mnode_modules/mongoose/lib/drivers/node-mongodb-native/connection.js\u001b[2m:251:13)\u001b[22m\u001b[2m\u001b[22m\n\u001b[2m      \u001b[2mat NativeConnection.openUri (\u001b[22m\u001b[2mnode_modules/mongoose/lib/connection.js\u001b[2m:1075:34)\u001b[22m\u001b[2m\u001b[22m\n\u001b[2m      \u001b[2mat Mongoose.connect (\u001b[22m\u001b[2mnode_modules/mongoose/lib/mongoose.js\u001b[2m:450:15)\u001b[22m\u001b[2m\u001b[22m\n\u001b[2m      \u001b[2mat Object.connect (\u001b[22m\u001b[2m__tests__/helpers/db-handler.js\u001b[2m:11:18)\u001b[22m\u001b[2m\u001b[22m\n\u001b[2m      \u001b[2mat Object.<anonymous> (\u001b[22m\u001b[2m\u001b[0m\u001b[36m__tests__/api/user.test.js\u001b[39m\u001b[0m\u001b[2m:8:23)\u001b[22m\u001b[2m\u001b[22m\n\n\u001b[1m\u001b[31m  \u001b[1m● \u001b[22m\u001b[1mUser API Tests › PUT /api/users/profile › should update user profile with valid data\u001b[39m\u001b[22m\n\n    MongooseError: Operation `users.deleteMany()` buffering timed out after 10000ms\n\u001b[2m\u001b[22m\n\u001b[2m      \u001b[2mat Timeout.<anonymous> (\u001b[22m\u001b[2mnode_modules/mongoose/lib/drivers/node-mongodb-native/collection.js\u001b[2m:187:23)\u001b[22m\u001b[2m\u001b[22m\n\n\u001b[1m\u001b[31m  \u001b[1m● \u001b[22m\u001b[1mUser API Tests › PUT /api/users/profile › should fail without authentication\u001b[39m\u001b[22m\n\n    MongooseError: Can't call `openUri()` on an active connection with different connection strings. Make sure you aren't calling `mongoose.connect()` multiple times. See: https://mongoosejs.com/docs/connections.html#multiple_connections\n\u001b[2m\u001b[22m\n\u001b[2m    \u001b[0m \u001b[90m  9 |\u001b[39m   \u001b[36mconst\u001b[39m uri \u001b[33m=\u001b[39m mongoServer\u001b[33m.\u001b[39mgetUri()\u001b[33m;\u001b[39m\u001b[22m\n\u001b[2m     \u001b[90m 10 |\u001b[39m\u001b[22m\n\u001b[2m    \u001b[31m\u001b[1m>\u001b[22m\u001b[2m\u001b[39m\u001b[90m 11 |\u001b[39m   \u001b[36mawait\u001b[39m mongoose\u001b[33m.\u001b[39mconnect(uri\u001b[33m,\u001b[39m {\u001b[22m\n\u001b[2m     \u001b[90m    |\u001b[39m                  \u001b[31m\u001b[1m^\u001b[22m\u001b[2m\u001b[39m\u001b[22m\n\u001b[2m     \u001b[90m 12 |\u001b[39m     useNewUrlParser\u001b[33m:\u001b[39m \u001b[36mtrue\u001b[39m\u001b[33m,\u001b[39m\u001b[22m\n\u001b[2m     \u001b[90m 13 |\u001b[39m     useUnifiedTopology\u001b[33m:\u001b[39m \u001b[36mtrue\u001b[39m\u001b[33m,\u001b[39m\u001b[22m\n\u001b[2m     \u001b[90m 14 |\u001b[39m   })\u001b[33m;\u001b[39m\u001b[0m\u001b[22m\n\u001b[2m\u001b[22m\n\u001b[2m      \u001b[2mat NativeConnection.createClient (\u001b[22m\u001b[2mnode_modules/mongoose/lib/drivers/node-mongodb-native/connection.js\u001b[2m:251:13)\u001b[22m\u001b[2m\u001b[22m\n\u001b[2m      \u001b[2mat NativeConnection.openUri (\u001b[22m\u001b[2mnode_modules/mongoose/lib/connection.js\u001b[2m:1075:34)\u001b[22m\u001b[2m\u001b[22m\n\u001b[2m      \u001b[2mat Mongoose.connect (\u001b[22m\u001b[2mnode_modules/mongoose/lib/mongoose.js\u001b[2m:450:15)\u001b[22m\u001b[2m\u001b[22m\n\u001b[2m      \u001b[2mat Object.connect (\u001b[22m\u001b[2m__tests__/helpers/db-handler.js\u001b[2m:11:18)\u001b[22m\u001b[2m\u001b[22m\n\u001b[2m      \u001b[2mat Object.<anonymous> (\u001b[22m\u001b[2m\u001b[0m\u001b[36m__tests__/api/user.test.js\u001b[39m\u001b[0m\u001b[2m:8:23)\u001b[22m\u001b[2m\u001b[22m\n\n\u001b[1m\u001b[31m  \u001b[1m● \u001b[22m\u001b[1mUser API Tests › PUT /api/users/profile › should fail without authentication\u001b[39m\u001b[22m\n\n    MongooseError: Operation `users.deleteMany()` buffering timed out after 10000ms\n\u001b[2m\u001b[22m\n\u001b[2m      \u001b[2mat Timeout.<anonymous> (\u001b[22m\u001b[2mnode_modules/mongoose/lib/drivers/node-mongodb-native/collection.js\u001b[2m:187:23)\u001b[22m\u001b[2m\u001b[22m\n\n\u001b[1m\u001b[31m  \u001b[1m● \u001b[22m\u001b[1mUser API Tests › PUT /api/users/profile › should validate email format on update\u001b[39m\u001b[22m\n\n    MongooseError: Can't call `openUri()` on an active connection with different connection strings. Make sure you aren't calling `mongoose.connect()` multiple times. See: https://mongoosejs.com/docs/connections.html#multiple_connections\n\u001b[2m\u001b[22m\n\u001b[2m    \u001b[0m \u001b[90m  9 |\u001b[39m   \u001b[36mconst\u001b[39m uri \u001b[33m=\u001b[39m mongoServer\u001b[33m.\u001b[39mgetUri()\u001b[33m;\u001b[39m\u001b[22m\n\u001b[2m     \u001b[90m 10 |\u001b[39m\u001b[22m\n\u001b[2m    \u001b[31m\u001b[1m>\u001b[22m\u001b[2m\u001b[39m\u001b[90m 11 |\u001b[39m   \u001b[36mawait\u001b[39m mongoose\u001b[33m.\u001b[39mconnect(uri\u001b[33m,\u001b[39m {\u001b[22m\n\u001b[2m     \u001b[90m    |\u001b[39m                  \u001b[31m\u001b[1m^\u001b[22m\u001b[2m\u001b[39m\u001b[22m\n\u001b[2m     \u001b[90m 12 |\u001b[39m     useNewUrlParser\u001b[33m:\u001b[39m \u001b[36mtrue\u001b[39m\u001b[33m,\u001b[39m\u001b[22m\n\u001b[2m     \u001b[90m 13 |\u001b[39m     useUnifiedTopology\u001b[33m:\u001b[39m \u001b[36mtrue\u001b[39m\u001b[33m,\u001b[39m\u001b[22m\n\u001b[2m     \u001b[90m 14 |\u001b[39m   })\u001b[33m;\u001b[39m\u001b[0m\u001b[22m\n\u001b[2m\u001b[22m\n\u001b[2m      \u001b[2mat NativeConnection.createClient (\u001b[22m\u001b[2mnode_modules/mongoose/lib/drivers/node-mongodb-native/connection.js\u001b[2m:251:13)\u001b[22m\u001b[2m\u001b[22m\n\u001b[2m      \u001b[2mat NativeConnection.openUri (\u001b[22m\u001b[2mnode_modules/mongoose/lib/connection.js\u001b[2m:1075:34)\u001b[22m\u001b[2m\u001b[22m\n\u001b[2m      \u001b[2mat Mongoose.connect (\u001b[22m\u001b[2mnode_modules/mongoose/lib/mongoose.js\u001b[2m:450:15)\u001b[22m\u001b[2m\u001b[22m\n\u001b[2m      \u001b[2mat Object.connect (\u001b[22m\u001b[2m__tests__/helpers/db-handler.js\u001b[2m:11:18)\u001b[22m\u001b[2m\u001b[22m\n\u001b[2m      \u001b[2mat Object.<anonymous> (\u001b[22m\u001b[2m\u001b[0m\u001b[36m__tests__/api/user.test.js\u001b[39m\u001b[0m\u001b[2m:8:23)\u001b[22m\u001b[2m\u001b[22m\n\n\u001b[1m\u001b[31m  \u001b[1m● \u001b[22m\u001b[1mUser API Tests › PUT /api/users/profile › should validate email format on update\u001b[39m\u001b[22m\n\n    MongooseError: Operation `users.deleteMany()` buffering timed out after 10000ms\n\u001b[2m\u001b[22m\n\u001b[2m      \u001b[2mat Timeout.<anonymous> (\u001b[22m\u001b[2mnode_modules/mongoose/lib/drivers/node-mongodb-native/collection.js\u001b[2m:187:23)\u001b[22m\u001b[2m\u001b[22m\n\n\u001b[1m\u001b[31m  \u001b[1m● \u001b[22m\u001b[1mUser API Tests › PUT /api/users/profile › should not allow updating sensitive fields directly\u001b[39m\u001b[22m\n\n    MongooseError: Can't call `openUri()` on an active connection with different connection strings. Make sure you aren't calling `mongoose.connect()` multiple times. See: https://mongoosejs.com/docs/connections.html#multiple_connections\n\u001b[2m\u001b[22m\n\u001b[2m    \u001b[0m \u001b[90m  9 |\u001b[39m   \u001b[36mconst\u001b[39m uri \u001b[33m=\u001b[39m mongoServer\u001b[33m.\u001b[39mgetUri()\u001b[33m;\u001b[39m\u001b[22m\n\u001b[2m     \u001b[90m 10 |\u001b[39m\u001b[22m\n\u001b[2m    \u001b[31m\u001b[1m>\u001b[22m\u001b[2m\u001b[39m\u001b[90m 11 |\u001b[39m   \u001b[36mawait\u001b[39m mongoose\u001b[33m.\u001b[39mconnect(uri\u001b[33m,\u001b[39m {\u001b[22m\n\u001b[2m     \u001b[90m    |\u001b[39m                  \u001b[31m\u001b[1m^\u001b[22m\u001b[2m\u001b[39m\u001b[22m\n\u001b[2m     \u001b[90m 12 |\u001b[39m     useNewUrlParser\u001b[33m:\u001b[39m \u001b[36mtrue\u001b[39m\u001b[33m,\u001b[39m\u001b[22m\n\u001b[2m     \u001b[90m 13 |\u001b[39m     useUnifiedTopology\u001b[33m:\u001b[39m \u001b[36mtrue\u001b[39m\u001b[33m,\u001b[39m\u001b[22m\n\u001b[2m     \u001b[90m 14 |\u001b[39m   })\u001b[33m;\u001b[39m\u001b[0m\u001b[22m\n\u001b[2m\u001b[22m\n\u001b[2m      \u001b[2mat NativeConnection.createClient (\u001b[22m\u001b[2mnode_modules/mongoose/lib/drivers/node-mongodb-native/connection.js\u001b[2m:251:13)\u001b[22m\u001b[2m\u001b[22m\n\u001b[2m      \u001b[2mat NativeConnection.openUri (\u001b[22m\u001b[2mnode_modules/mongoose/lib/connection.js\u001b[2m:1075:34)\u001b[22m\u001b[2m\u001b[22m\n\u001b[2m      \u001b[2mat Mongoose.connect (\u001b[22m\u001b[2mnode_modules/mongoose/lib/mongoose.js\u001b[2m:450:15)\u001b[22m\u001b[2m\u001b[22m\n\u001b[2m      \u001b[2mat Object.connect (\u001b[22m\u001b[2m__tests__/helpers/db-handler.js\u001b[2m:11:18)\u001b[22m\u001b[2m\u001b[22m\n\u001b[2m      \u001b[2mat Object.<anonymous> (\u001b[22m\u001b[2m\u001b[0m\u001b[36m__tests__/api/user.test.js\u001b[39m\u001b[0m\u001b[2m:8:23)\u001b[22m\u001b[2m\u001b[22m\n\n\u001b[1m\u001b[31m  \u001b[1m● \u001b[22m\u001b[1mUser API Tests › PUT /api/users/profile › should not allow updating sensitive fields directly\u001b[39m\u001b[22m\n\n    MongooseError: Operation `users.deleteMany()` buffering timed out after 10000ms\n\u001b[2m\u001b[22m\n\u001b[2m      \u001b[2mat Timeout.<anonymous> (\u001b[22m\u001b[2mnode_modules/mongoose/lib/drivers/node-mongodb-native/collection.js\u001b[2m:187:23)\u001b[22m\u001b[2m\u001b[22m\n\n\n  \u001b[1m● \u001b[22mTest suite failed to run\n\n    listen EADDRINUSE: address already in use 0.0.0.0:5001\n\n\n  \u001b[1m● \u001b[22mTest suite failed to run\n\n    MongooseError: Connection operation buffering timed out after 10000ms\n\n    \u001b[0m \u001b[90m 25 |\u001b[39m \u001b[90m// Close database connection after all tests\u001b[39m\n     \u001b[90m 26 |\u001b[39m \u001b[36mconst\u001b[39m closeDatabase \u001b[33m=\u001b[39m \u001b[36masync\u001b[39m () \u001b[33m=>\u001b[39m {\n    \u001b[31m\u001b[1m>\u001b[22m\u001b[39m\u001b[90m 27 |\u001b[39m   \u001b[36mawait\u001b[39m mongoose\u001b[33m.\u001b[39mconnection\u001b[33m.\u001b[39mdropDatabase()\u001b[33m;\u001b[39m\n     \u001b[90m    |\u001b[39m   \u001b[31m\u001b[1m^\u001b[22m\u001b[39m\n     \u001b[90m 28 |\u001b[39m   \u001b[36mawait\u001b[39m mongoose\u001b[33m.\u001b[39mconnection\u001b[33m.\u001b[39mclose()\u001b[33m;\u001b[39m\n     \u001b[90m 29 |\u001b[39m   \u001b[36mif\u001b[39m (mongoServer) {\n     \u001b[90m 30 |\u001b[39m     \u001b[36mawait\u001b[39m mongoServer\u001b[33m.\u001b[39mstop()\u001b[33m;\u001b[39m\u001b[0m\n\n      \u001b[2mat NativeConnection._waitForConnect (\u001b[22mnode_modules/mongoose/lib/connection.js\u001b[2m:869:13)\u001b[22m\n      \u001b[2mat NativeConnection.dropDatabase (\u001b[22mnode_modules/mongoose/lib/connection.js\u001b[2m:947:3)\u001b[22m\n      \u001b[2mat Object.closeDatabase (\u001b[22m__tests__/helpers/db-handler.js\u001b[2m:27:3)\u001b[22m\n      \u001b[2mat Object.<anonymous> (\u001b[22m\u001b[0m\u001b[36m__tests__/api/user.test.js\u001b[39m\u001b[0m\u001b[2m:10:22)\u001b[22m\n","name":"D:\\EduConnect\\backend\\__tests__\\api\\user.test.js","startTime":1763483603787,"status":"failed","summary":""},{"assertionResults":[{"ancestorTitles":["Result API Tests","POST /api/results"],"duration":10052,"failing":false,"failureDetails":[{},{}],"failureMessages":["MongooseError: Can't call `openUri()` on an active connection with different connection strings. Make sure you aren't calling `mongoose.connect()` multiple times. See: https://mongoosejs.com/docs/connections.html#multiple_connections\n    at NativeConnection.createClient (D:\\EduConnect\\backend\\node_modules\\mongoose\\lib\\drivers\\node-mongodb-native\\connection.js:251:13)\n    at NativeConnection.openUri (D:\\EduConnect\\backend\\node_modules\\mongoose\\lib\\connection.js:1075:34)\n    at Mongoose.connect (D:\\EduConnect\\backend\\node_modules\\mongoose\\lib\\mongoose.js:450:15)\n    at Object.connect (D:\\EduConnect\\backend\\__tests__\\helpers\\db-handler.js:11:18)\n    at processTicksAndRejections (node:internal/process/task_queues:95:5)\n    at Object.<anonymous> (D:\\EduConnect\\backend\\__tests__\\api\\result.test.js:9:23)","MongooseError: Operation `users.deleteMany()` buffering timed out after 10000ms\n    at Timeout.<anonymous> (D:\\EduConnect\\backend\\node_modules\\mongoose\\lib\\drivers\\node-mongodb-native\\collection.js:187:23)\n    at listOnTimeout (node:internal/timers:573:17)\n    at processTimers (node:internal/timers:514:7)"],"fullName":"Result API Tests POST /api/results should allow admin to create result","invocations":1,"location":null,"numPassingAsserts":0,"retryReasons":[],"startAt":1763483470286,"status":"failed","title":"should allow admin to create result"},{"ancestorTitles":["Result API Tests","POST /api/results"],"duration":10003,"failing":false,"failureDetails":[{},{}],"failureMessages":["MongooseError: Can't call `openUri()` on an active connection with different connection strings. Make sure you aren't calling `mongoose.connect()` multiple times. See: https://mongoosejs.com/docs/connections.html#multiple_connections\n    at NativeConnection.createClient (D:\\EduConnect\\backend\\node_modules\\mongoose\\lib\\drivers\\node-mongodb-native\\connection.js:251:13)\n    at NativeConnection.openUri (D:\\EduConnect\\backend\\node_modules\\mongoose\\lib\\connection.js:1075:34)\n    at Mongoose.connect (D:\\EduConnect\\backend\\node_modules\\mongoose\\lib\\mongoose.js:450:15)\n    at Object.connect (D:\\EduConnect\\backend\\__tests__\\helpers\\db-handler.js:11:18)\n    at processTicksAndRejections (node:internal/process/task_queues:95:5)\n    at Object.<anonymous> (D:\\EduConnect\\backend\\__tests__\\api\\result.test.js:9:23)","MongooseError
[...]
6},"end":{"line":1,"column":34}},"1":{"start":{"line":2,"column":15},"end":{"line":2,"column":31}},"2":{"start":{"line":3,"column":23},"end":{"line":3,"column":63}},"3":{"start":{"line":4,"column":23},"end":{"line":4,"column":62}},"4":{"start":{"line":5,"column":23},"end":{"line":5,"column":62}},"5":{"start":{"line":8,"column":0},"end":{"line":8,"column":43}},"6":{"start":{"line":11,"column":0},"end":{"line":11,"column":47}},"7":{"start":{"line":14,"column":0},"end":{"line":14,"column":85}},"8":{"start":{"line":17,"column":0},"end":{"line":17,"column":87}},"9":{"start":{"line":20,"column":0},"end":{"line":20,"column":90}},"10":{"start":{"line":22,"column":0},"end":{"line":22,"column":24}}},"fnMap":{},"branchMap":{},"s":{"0":4,"1":4,"2":4,"3":4,"4":4,"5":4,"6":4,"7":4,"8":4,"9":4,"10":4},"f":{},"b":{},"_coverageSchema":"1a1c01bbd47fc00a2c39e90264f33305004495a9","hash":"8db0751e0c99169e75c5b3afcf339ff76c0de261"},"D:\\EduConnect\\backend\\src\\controllers\\newsController.js":{"path":"D:\\EduConnect\\backend\\src\\controllers\\newsController.js","statementMap":{"0":{"start":{"line":3,"column":13},"end":{"line":3,"column":38}},"1":{"start":{"line":6,"column":0},"end":{"line":15,"column":2}},"2":{"start":{"line":7,"column":4},"end":{"line":14,"column":5}},"3":{"start":{"line":8,"column":25},"end":{"line":8,"column":33}},"4":{"start":{"line":9,"column":28},"end":{"line":9,"column":46}},"5":{"start":{"line":10,"column":8},"end":{"line":10,"column":33}},"6":{"start":{"line":11,"column":8},"end":{"line":11,"column":92}},"7":{"start":{"line":13,"column":8},"end":{"line":13,"column":80}},"8":{"start":{"line":18,"column":0},"end":{"line":25,"column":2}},"9":{"start":{"line":19,"column":4},"end":{"line":24,"column":5}},"10":{"start":{"line":20,"column":29},"end":{"line":20,"column":46}},"11":{"start":{"line":21,"column":8},"end":{"line":21,"column":43}},"12":{"start":{"line":23,"column":8},"end":{"line":23,"column":81}},"13":{"start":{"line":28,"column":0},"end":{"line":38,"column":2}},"14":{"start":{"line":29,"column":4},"end":{"line":37,"column":5}},"15":{"start":{"line":30,"column":28},"end":{"line":30,"column":62}},"16":{"start":{"line":31,"column":8},"end":{"line":33,"column":9}},"17":{"start":{"line":32,"column":12},"end":{"line":32,"column":79}},"18":{"start":{"line":34,"column":8},"end":{"line":34,"column":42}},"19":{"start":{"line":36,"column":8},"end":{"line":36,"column":80}},"20":{"start":{"line":41,"column":0},"end":{"line":51,"column":2}},"21":{"start":{"line":42,"column":4},"end":{"line":50,"column":5}},"22":{"start":{"line":43,"column":28},"end":{"line":43,"column":96}},"23":{"start":{"line":44,"column":8},"end":{"line":46,"column":9}},"24":{"start":{"line":45,"column":12},"end":{"line":45,"column":79}},"25":{"start":{"line":47,"column":8},"end":{"line":47,"column":92}},"26":{"start":{"line":49,"column":8},"end":{"line":49,"column":80}},"27":{"start":{"line":54,"column":0},"end":{"line":64,"column":2}},"28":{"start":{"line":55,"column":4},"end":{"line":63,"column":5}},"29":{"start":{"line":56,"column":28},"end":{"line":56,"column":71}},"30":{"start":{"line":57,"column":8},"end":{"line":59,"column":9}},"31":{"start":{"line":58,"column":12},"end":{"line":58,"column":79}},"32":{"start":{"line":60,"column":8},"end":{"line":60,"column":79}},"33":{"start":{"line":62,"column":8},"end":{"line":62,"column":80}}},"fnMap":{"0":{"name":"(anonymous_0)","decl":{"start":{"line":6,"column":21},"end":{"line":6,"column":22}},"loc":{"start":{"line":6,"column":41},"end":{"line":15,"column":1}},"line":6},"1":{"name":"(anonymous_1)","decl":{"start":{"line":18,"column":21},"end":{"line":18,"column":22}},"loc":{"start":{"line":18,"column":41},"end":{"line":25,"column":1}},"line":18},"2":{"name":"(anonymous_2)","decl":{"start":{"line":28,"column":22},"end":{"line":28,"column":23}},"loc":{"start":{"line":28,"column":42},"end":{"line":38,"column":1}},"line":28},"3":{"name":"(anonymous_3)","decl":{"start":{"line":41,"column":21},"end":{"line":41,"column":22}},"loc":{"start":{"line":41,"column":41},"end":{"line":51,"column":1}},"line":41},"4":{"name":"(anonymous_4)","decl":{"start":{"line":54,"column":21},"end":{"line":54,"column":22}},"loc":{"start":{"line":54,"column":41},"end":{"line":64,"column":1}},"line":54}},"branchMap":{"0":{"loc":{"start":{"line":31,"column":8},"end":{"line":33,"column":9}},"type":"if","locations":[{"start":{"line":31,"column":8},"end":{"line":33,"column":9}},{"start":{},"end":{}}],"line":31},"1":{"loc":{"start":{"line":44,"column":8},"end":{"line":46,"column":9}},"type":"if","locations":[{"start":{"line":44,"column":8},"end":{"line":46,"column":9}},{"start":{},"end":{}}],"line":44},"2":{"loc":{"start":{"line":57,"column":8},"end":{"line":59,"column":9}},"type":"if","locations":[{"start":{"line":57,"column":8},"end":{"line":59,"column":9}},{"start":{},"end":{}}],"line":57}},"s":{"0":4,"1":4,"2":0,"3":0,"4":0,"5":0,"6":0,"7":0,"8":4,"9":0,"10":0,"11":0,"12":0,"13":4,"14":0,"15":0,"16":0,"17":0,"18":0,"19":0,"20":4,"21":0,"22":0,"23":0,"24":0,"25":0,"26":0,"27":4,"28":0,"29":0,"30":0,"31":0,"32":0,"33":0},"f":{"0":0,"1":0,"2":0,"3":0,"4":0},"b":{"0":[0,0],"1":[0,0],"2":[0,0]},"_coverageSchema":"1a1c01bbd47fc00a2c39e90264f33305004495a9","hash":"85108c885aa0c2618d777229e7299a371aa36aff"},"D:\\EduConnect\\backend\\src\\middleware\\errorMiddleware.js":{"path":"D:\\EduConnect\\backend\\src\\middleware\\errorMiddleware.js","statementMap":{"0":{"start":{"line":3,"column":21},"end":{"line":12,"column":1}},"1":{"start":{"line":4,"column":23},"end":{"line":4,"column":68}},"2":{"start":{"line":5,"column":4},"end":{"line":5,"column":27}},"3":{"start":{"line":7,"column":4},"end":{"line":11,"column":7}},"4":{"start":{"line":14,"column":0},"end":{"line":14,"column":30}}},"fnMap":{"0":{"name":"(anonymous_0)","decl":{"start":{"line":3,"column":21},"end":{"line":3,"column":22}},"loc":{"start":{"line":3,"column":46},"end":{"line":12,"column":1}},"line":3}},"branchMap":{"0":{"loc":{"start":{"line":4,"column":23},"end":{"line":4,"column":68}},"type":"cond-expr","locations":[{"start":{"line":4,"column":48},"end":{"line":4,"column":51}},{"start":{"line":4,"column":54},"end":{"line":4,"column":68}}],"line":4},"1":{"loc":{"start":{"line":10,"column":15},"end":{"line":10,"column":71}},"type":"cond-expr","locations":[{"start":{"line":10,"column":55},"end":{"line":10,"column":59}},{"start":{"line":10,"column":62},"end":{"line":10,"column":71}}],"line":10}},"s":{"0":0,"1":0,"2":0,"3":0,"4":0},"f":{"0":0},"b":{"0":[0,0],"1":[0,0]}},"D:\\EduConnect\\backend\\src\\config\\database.js":{"path":"D:\\EduConnect\\backend\\src\\config\\database.js","statementMap":{"0":{"start":{"line":1,"column":17},"end":{"line":1,"column":36}},"1":{"start":{"line":3,"column":18},"end":{"line":14,"column":1}},"2":{"start":{"line":4,"column":4},"end":{"line":13,"column":5}},"3":{"start":{"line":5,"column":8},"end":{"line":8,"column":11}},"4":{"start":{"line":9,"column":8},"end":{"line":9,"column":54}},"5":{"start":{"line":11,"column":8},"end":{"line":11,"column":67}},"6":{"start":{"line":12,"column":8},"end":{"line":12,"column":24}},"7":{"start":{"line":16,"column":0},"end":{"line":16,"column":27}}},"fnMap":{"0":{"name":"(anonymous_0)","decl":{"start":{"line":3,"column":18},"end":{"line":3,"column":19}},"loc":{"start":{"line":3,"column":30},"end":{"line":14,"column":1}},"line":3}},"branchMap":{},"s":{"0":0,"1":0,"2":0,"3":0,"4":0,"5":0,"6":0,"7":0},"f":{"0":0},"b":{}},"D:\\EduConnect\\backend\\src\\config\\jwt.js":{"path":"D:\\EduConnect\\backend\\src\\config\\jwt.js","statementMap":{"0":{"start":{"line":1,"column":12},"end":{"line":1,"column":35}},"1":{"start":{"line":2,"column":15},"end":{"line":2,"column":32}},"2":{"start":{"line":4,"column":0},"end":{"line":4,"column":16}},"3":{"start":{"line":6,"column":19},"end":{"line":6,"column":62}},"4":{"start":{"line":7,"column":23},"end":{"line":7,"column":57}},"5":{"start":{"line":9,"column":22},"end":{"line":13,"column":1}},"6":{"start":{"line":10,"column":4},"end":{"line":12,"column":7}},"7":{"start":{"line":15,"column":20},"end":{"line":17,"column":1}},"8":{"start":{"line":16,"column":4},"end":{"line":16,"column":41}},"9":{"start":{"line":19,"column":0},"end":{"line":22,"column":2}}},"fnMap":{"0":{"name":"(anonymous_0)","decl":{"start":{"line":9,"column":22},"end":{"line":9,"column":23}},"loc":{"start":{"line":9,"column":32},"end":{"line":13,"column":1}},"line":9},"1":{"name":"(anonymous_1)","decl":{"start":{"line":15,"column":20},"end":{"line":15,"column":21}},"loc":{"start":{"line":15,"column":31},"end":{"line":17,"column":1}},"line":15}},"branchMap":{"0":{"loc":{"start":{"line":6,"column":19},"end":{"line":6,"column":62}},"type":"binary-expr","locations":[{"start":{"line":6,"column":19},"end":{"line":6,"column":41}},{"start":{"line":6,"column":45},"end":{"line":6,"column":62}}],"line":6},"1":{"loc":{"start":{"line":7,"column":23},"end":{"line":7,"column":57}},"type":"binary-expr","locations":[{"start":{"line":7,"column":23},"end":{"line":7,"column":49}},{"start":{"line":7,"column":53},"end":{"line":7,"column":57}}],"line":7}},"s":{"0":0,"1":0,"2":0,"3":0,"4":0,"5":0,"6":0,"7":0,"8":0,"9":0},"f":{"0":0,"1":0},"b":{"0":[0,0],"1":[0,0]}},"D:\\EduConnect\\backend\\src\\utils\\constants.js":{"path":"D:\\EduConnect\\backend\\src\\utils\\constants.js","statementMap":{"0":{"start":{"line":3,"column":19},"end":{"line":6,"column":1}},"1":{"start":{"line":8,"column":22},"end":{"line":31,"column":1}},"2":{"start":{"line":33,"column":17},"end":{"line":44,"column":1}},"3":{"start":{"line":46,"column":0},"end":{"line":50,"column":2}}},"fnMap":{},"branchMap":{},"s":{"0":0,"1":0,"2":0,"3":0},"f":{},"b":{}},"D:\\EduConnect\\backend\\src\\services\\aiService.js":{"path":"D:\\EduConnect\\backend\\src\\services\\aiService.js","statementMap":{"0":{"start":{"line":3,"column":14},"end":{"line":3,"column":30}},"1":{"start":{"line":7,"column":8},"end":{"line":7,"column":29}},"2":{"start":{"line":8,"column":8},"end":{"line":8,"column":52}},"3":{"start":{"line":12,"column":8},"end":{"line":23,"column":9}},"4":{"start":{"line":13,"column":29},"end":{"line":19,"column":14}},"5":{"start":{"line":20,"column":12},"end":{"line":20,"column":33}},"6":{"start":{"line":22,"column":12},"end":{"line":22,"column":78}},"7":{"start":{"line":27,"column":8},"end":{"line":37,"column":9}},"8":{"start":{"line":28,"column":29},"end":{"line":33,"column":14}},"9":{"start":{"line":34,"column":12},"end":{"line":34,"column":33}},"10":{"start":{"line":36,"column":12},"end":{"line":36,"column":80}},"11":{"start":{"line":41,"column":8},"end":{"line":51,"column":9}},"12":{"start":{"line":42,"column":29},"end":{"line":47,"column":14}},"13":{"start":{"line":48,"column":12},"end":{"line":48,"column":33}},"14":{"start":{"line":50,"column":12},"end":{"line":50,"column":83}},"15":{"start":{"line":55,"column":0},"end":{"line":55,"column":55}}},"fnMap":{"0":{"name":"(anonymous_0)","decl":{"start":{"line":6,"column":4},"end":{"line":6,"column":5}},"loc":{"start":{"line":6,"column":24},"end":{"line":9,"column":5}},"line":6},"1":{"name":"(anonymous_1)","decl":{"start":{"line":11,"column":4},"end":{"line":11,"column":5}},"loc":{"start":{"line":11,"column":36},"end":{"line":24,"column":5}},"line":11},"2":{"name":"(anonymous_2)","decl":{"start":{"line":26,"column":4},"end":{"line":26,"column":5}},"loc":{"start":{"line":26,"column":35},"end":{"line":38,"column":5}},"line":26},"3":{"name":"(anonymous_3)","decl":{"start":{"line":40,"column":4},"end":{"line":40,"column":5}},"loc":{"start":{"line":40,"column":40},"end":{"line":52,"column":5}},"line":40}},"branchMap":{},"s":{"0":0,"1":0,"2":0,"3":0,"4":0,"5":0,"6":0,"7":0,"8":0,"9":0,"10":0,"11":0,"12":0,"13":0,"14":0,"15":0},"f":{"0":0,"1":0,"2":0,"3":0},"b":{}},"D:\\EduConnect\\backend\\src\\utils\\validators.js":{"path":"D:\\EduConnect\\backend\\src\\utils\\validators.js","statementMap":{"0":{"start":{"line":2,"column":35},"end":{"line":2,"column":63}},"1":{"start":{"line":5,"column":23},"end":{"line":15,"column":1}},"2":{"start":{"line":18,"column":23},"end":{"line":25,"column":1}},"3":{"start":{"line":28,"column":31},"end":{"line":34,"column":1}},"4":{"start":{"line":29,"column":19},"end":{"line":29,"column":40}},"5":{"start":{"line":30,"column":4},"end":{"line":32,"column":5}},"6":{"start":{"line":31,"column":8},"end":{"line":31,"column":64}},"7":{"start":{"line":33,"column":4},"end":{"line":33,"column":11}},"8":{"start":{"line":36,"column":0},"end":{"line":40,"column":2}}},"fnMap":{"0":{"name":"(anonymous_0)","decl":{"start":{"line":28,"column":31},"end":{"line":28,"column":32}},"loc":{"start":{"line":28,"column":51},"end":{"line":34,"column":1}},"line":28}},"branchMap":{"0":{"loc":{"start":{"line":30,"column":4},"end":{"line":32,"column":5}},"type":"if","locations":[{"start":{"line":30,"column":4},"end":{"line":32,"column":5}},{"start":{},"end":{}}],"line":30}},"s":{"0":0,"1":0,"2":0,"3":0,"4":0,"5":0,"6":0,"7":0,"8":0},"f":{"0":0},"b":{"0":[0,0]}},"D:\\EduConnect\\backend\\src\\utils\\helpers.js":{"path":"D:\\EduConnect\\backend\\src\\utils\\helpers.js","statementMap":{"0":{"start":{"line":3,"column":25},"end":{"line":9,"column":1}},"1":{"start":{"line":4,"column":4},"end":{"line":8,"column":6}},"2":{"start":{"line":11,"column":16},"end":{"line":13,"column":1}},"3":{"start":{"line":12,"column":4},"end":{"line":12,"column":72}},"4":{"start":{"line":15,"column":22},"end":{"line":18,"column":1}},"5":{"start":{"line":16,"column":18},"end":{"line":16,"column":46}},"6":{"start":{"line":17,"column":4},"end":{"line":17,"column":29}},"7":{"start":{"line":20,"column":21},"end":{"line":24,"column":1}},"8":{"start":{"line":21,"column":19},"end":{"line":21,"column":36}},"9":{"start":{"line":22,"column":23},"end":{"line":22,"column":25}},"10":{"start":{"line":23,"column":4},"end":{"line":23,"column":51}},"11":{"start":{"line":26,"column":24},"end":{"line":29,"column":1}},"12":{"start":{"line":27,"column":19},"end":{"line":27,"column":36}},"13":{"start":{"line":28,"column":4},"end":{"line":28,"column":58}},"14":{"start":{"line":31,"column":0},"end":{"line":37,"column":2}}},"fnMap":{"0":{"name":"(anonymous_0)","decl":{"start":{"line":3,"column":25},"end":{"line":3,"column":26}},"loc":{"start":{"line":3,"column":59},"end":{"line":9,"column":1}},"line":3},"1":{"name":"(anonymous_1)","decl":{"start":{"line":11,"column":16},"end":{"line":11,"column":17}},"loc":{"start":{"line":11,"column":27},"end":{"line":13,"column":1}},"line":11},"2":{"name":"(anonymous_2)","decl":{"start":{"line":15,"column":22},"end":{"line":15,"column":23}},"loc":{"start":{"line":15,"column":33},"end":{"line":18,"column":1}},"line":15},"3":{"name":"(anonymous_3)","decl":{"start":{"line":20,"column":21},"end":{"line":20,"column":22}},"loc":{"start":{"line":20,"column":41},"end":{"line":24,"column":1}},"line":20},"4":{"name":"(anonymous_4)","decl":{"start":{"line":26,"column":24},"end":{"line":26,"column":25}},"loc":{"start":{"line":26,"column":60},"end":{"line":29,"column":1}},"line":26}},"branchMap":{"0":{"loc":{"start":{"line":3,"column":43},"end":{"line":3,"column":54}},"type":"default-arg","locations":[{"start":{"line":3,"column":50},"end":{"line":3,"column":54}}],"line":3},"1":{"loc":{"start":{"line":12,"column":11},"end":{"line":12,"column":71}},"type":"binary-expr","locations":[{"start":{"line":12,"column":11},"end":{"line":12,"column":30}},{"start":{"line":12,"column":34},"end":{"line":12,"column":48}},{"start":{"line":12,"column":52},"end":{"line":12,"column":71}}],"line":12}},"s":{"0":0,"1":0,"2":0,"3":0,"4":0,"5":0,"6":0,"7":0,"8":0,"9":0,"10":0,"11":0,"12":0,"13":0,"14":0},"f":{"0":0,"1":0,"2":0,"3":0,"4":0},"b":{"0":[0],"1":[0,0,0]}},"D:\\EduConnect\\backend\\src\\services\\storageService.js":{"path":"D:\\EduConnect\\backend\\src\\services\\storageService.js","statementMap":{"0":{"start":{"line":3,"column":11},"end":{"line":3,"column":24}},"1":{"start":{"line":4,"column":13},"end":{"line":4,"column":28}},"2":{"start":{"line":5,"column":15},"end":{"line":5,"column":32}},"3":{"start":{"line":8,"column":16},"end":{"line":18,"column":2}},"4":{"start":{"line":10,"column":20},"end":{"line":10,"column":57}},"5":{"start":{"line":11,"column":8},"end":{"line":11,"column":47}},"6":{"start":{"line":12,"column":8},"end":{"line":12,"column":22}},"7":{"start":{"line":15,"column":29},"end":{"line":15,"column":79}},"8":{"start":{"line":16,"column":8},"end":{"line":16,"column":57}},"9":{"start":{"line":21,"column":15},"end":{"line":21,"column":43}},"10":{"start":{"line":24,"column":19},"end":{"line":31,"column":1}},"11":{"start":{"line":25,"column":4},"end":{"line":30,"column":7}},"12":{"start":{"line":26,"column":8},"end":{"line":28,"column":9}},"13":{"start":{"line":27,"column":12},"end":{"line":27,"column":87}},"14":{"start":{"line":29,"column":8},"end":{"line":29,"column":88}},"15":{"start":{"line":34,"column":19},"end":{"line":42,"column":1}},"16":{"start":{"line":35,"column":4},"end":{"line":41,"column":7}},"17":{"start":{"line":36,"column":8},"end":{"line":40,"column":9}},"18":{"start":{"line":37,"column":12},"end":{"line":37,"column":56}},"19":{"start":{"line":39,"column":12},"end":{"line":39,"column":64}},"20":{"start":{"line":45,"column":25},"end":{"line":53,"column":1}},"21":{"start":{"line":46,"column":16},"end":{"line":46,"column":53}},"22":{"start":{"line":47,"column":4},"end":{"line":52,"column":7}},"23":{"start":{"line":48,"column":8},"end":{"line":50,"column":9}},"24":{"start":{"line":49,"column":12},"end":{"line":49,"column":93}},"25":{"start":{"line":51,"column":8},"end":{"line":51,"column":40}},"26":{"start":{"line":55,"column":0},"end":{"line":59,"column":2}}},"fnMap":{"0":{"name":"(anonymous_0)","decl":{"start":{"line":9,"column":17},"end":{"line":9,"column":18}},"loc":{"start":{"line":9,"column":36},"end":{"line":13,"column":5}},"line":9},"1":{"name":"(anonymous_1)","decl":{"start":{"line":14,"column":14},"end":{"line":14,"column":15}},"loc":{"start":{"line":14,"column":33},"end":{"line":17,"column":5}},"line":14},"2":{"name":"(anonymous_2)","decl":{"start":{"line":24,"column":19},"end":{"line":24,"column":20}},"loc":{"start":{"line":24,"column":33},"end":{"line":31,"column":1}},"line":24},"3":{"name":"(anonymous_3)","decl":{"start":{"line":25,"column":36},"end":{"line":25,"column":37}},"loc":{"start":{"line":25,"column":45},"end":{"line":30,"column":5}},"line":25},"4":{"name":"(anonymous_4)","decl":{"start":{"line":34,"column":19},"end":{"line":34,"column":20}},"loc":{"start":{"line":34,"column":33},"end":{"line":42,"column":1}},"line":34},"5":{"name":"(anonymous_5)","decl":{"start":{"line":35,"column":24},"end":{"line":35,"column":25}},"loc":{"start":{"line":35,"column":33},"end":{"line":41,"column":5}},"line":35},"6":{"name":"(anonymous_6)","decl":{"start":{"line":45,"column":25},"end":{"line":45,"column":26}},"loc":{"start":{"line":45,"column":39},"end":{"line":53,"column":1}},"line":45},"7":{"name":"(anonymous_7)","decl":{"start":{"line":47,"column":20},"end":{"line":47,"column":21}},"loc":{"start":{"line":47,"column":36},"end":{"line":52,"column":5}},"line":47}},"branchMap":{"0":{"loc":{"start":{"line":26,"column":8},"end":{"line":28,"column":9}},"type":"if","locations":[{"start":{"line":26,"column":8},"end":{"line":28,"column":9}},{"start":{},"end":{}}],"line":26},"1":{"loc":{"start":{"line":36,"column":8},"end":{"line":40,"column":9}},"type":"if","locations":[{"start":{"line":36,"column":8},"end":{"line":40,"column":9}},{"start":{"line":38,"column":15},"end":{"line":40,"column":9}}],"line":36},"2":{"loc":{"start":{"line":48,"column":8},"end":{"line":50,"column":9}},"type":"if","locations":[{"start":{"line":48,"column":8},"end":{"line":50,"column":9}},{"start":{},"end":{}}],"line":48}},"s":{"0":0,"1":0,"2":0,"3":0,"4":0,"5":0,"6":0,"7":0,"8":0,"9":0,"10":0,"11":0,"12":0,"13":0,"14":0,"15":0,"16":0,"17":0,"18":0,"19":0,"20":0,"21":0,"22":0,"23":0,"24":0,"25":0,"26":0},"f":{"0":0,"1":0,"2":0,"3":0,"4":0,"5":0,"6":0,"7":0},"b":{"0":[0,0],"1":[0,0],"2":[0,0]}}}}
